This is pdfTeX, Version 3.141592653-2.6-1.40.25 (TeX Live 2023) (preloaded format=pdflatex 2023.10.16)  13 NOV 2023 14:05
entering extended mode
 restricted \write18 enabled.
 %&-line parsing enabled.
**ProyectoAED2023_plantilla.tex
(./ProyectoAED2023_plantilla.tex
LaTeX2e <2023-06-01> patch level 1
L3 programming layer <2023-10-10>
(./Definitions/mdpi.cls
Document Class: Definitions/mdpi 25/03/2023 MDPI paper class
(c:/Users/alumno/AppData/Roaming/TinyTeX/texmf-dist/tex/latex/base/article.cls
Document Class: article 2023/05/17 v1.4n Standard LaTeX document class
(c:/Users/alumno/AppData/Roaming/TinyTeX/texmf-dist/tex/latex/base/size10.clo
File: size10.clo 2023/05/17 v1.4n Standard LaTeX file (size option)
)
\c@part=\count185
\c@section=\count186
\c@subsection=\count187
\c@subsubsection=\count188
\c@paragraph=\count189
\c@subparagraph=\count190
\c@figure=\count191
\c@table=\count192
\abovecaptionskip=\skip48
\belowcaptionskip=\skip49
\bibindent=\dimen140
) (c:/Users/alumno/AppData/Roaming/TinyTeX/texmf-dist/tex/latex/base/fontenc.sty
Package: fontenc 2021/04/29 v2.0v Standard LaTeX package
) (c:/Users/alumno/AppData/Roaming/TinyTeX/texmf-dist/tex/latex/base/inputenc.sty
Package: inputenc 2021/02/14 v1.3d Input encoding file
\inpenc@prehook=\toks17
\inpenc@posthook=\toks18
) (c:/Users/alumno/AppData/Roaming/TinyTeX/texmf-dist/tex/latex/tools/calc.sty
Package: calc 2017/05/25 v4.3 Infix arithmetic (KKT,FJ)
\calc@Acount=\count193
\calc@Bcount=\count194
\calc@Adimen=\dimen141
\calc@Bdimen=\dimen142
\calc@Askip=\skip50
\calc@Bskip=\skip51
LaTeX Info: Redefining \setlength on input line 80.
LaTeX Info: Redefining \addtolength on input line 81.
\calc@Ccount=\count195
\calc@Cskip=\skip52
) (c:/Users/alumno/AppData/Roaming/TinyTeX/texmf-dist/tex/latex/tools/indentfirst.sty
Package: indentfirst 1995/11/23 v1.03 Indent first paragraph (DPC)
) (c:/Users/alumno/AppData/Roaming/TinyTeX/texmf-dist/tex/latex/fancyhdr/fancyhdr.sty
Package: fancyhdr 2022/11/09 v4.1 Extensive control of page headers and footers
\f@nch@headwidth=\skip53
\f@nch@O@elh=\skip54
\f@nch@O@erh=\skip55
\f@nch@O@olh=\skip56
\f@nch@O@orh=\skip57
\f@nch@O@elf=\skip58
\f@nch@O@erf=\skip59
\f@nch@O@olf=\skip60
\f@nch@O@orf=\skip61
) (c:/Users/alumno/AppData/Roaming/TinyTeX/texmf-dist/tex/latex/graphics/graphicx.sty
Package: graphicx 2021/09/16 v1.2d Enhanced LaTeX Graphics (DPC,SPQR)
(c:/Users/alumno/AppData/Roaming/TinyTeX/texmf-dist/tex/latex/graphics/keyval.sty
Package: keyval 2022/05/29 v1.15 key=value parser (DPC)
\KV@toks@=\toks19
) (c:/Users/alumno/AppData/Roaming/TinyTeX/texmf-dist/tex/latex/graphics/graphics.sty
Package: graphics 2022/03/10 v1.4e Standard LaTeX Graphics (DPC,SPQR)
(c:/Users/alumno/AppData/Roaming/TinyTeX/texmf-dist/tex/latex/graphics/trig.sty
Package: trig 2021/08/11 v1.11 sin cos tan (DPC)
) (c:/Users/alumno/AppData/Roaming/TinyTeX/texmf-dist/tex/latex/graphics-cfg/graphics.cfg
File: graphics.cfg 2016/06/04 v1.11 sample graphics configuration
)
Package graphics Info: Driver file: pdftex.def on input line 107.
(c:/Users/alumno/AppData/Roaming/TinyTeX/texmf-dist/tex/latex/graphics-def/pdftex.def
File: pdftex.def 2022/09/22 v1.2b Graphics/color driver for pdftex
))
\Gin@req@height=\dimen143
\Gin@req@width=\dimen144
) (c:/Users/alumno/AppData/Roaming/TinyTeX/texmf-dist/tex/latex/epstopdf-pkg/epstopdf.sty
Package: epstopdf 2020-01-24 v2.11 Conversion with epstopdf on the fly (HO)
(c:/Users/alumno/AppData/Roaming/TinyTeX/texmf-dist/tex/generic/infwarerr/infwarerr.sty
Package: infwarerr 2019/12/03 v1.5 Providing info/warning/error messages (HO)
) (c:/Users/alumno/AppData/Roaming/TinyTeX/texmf-dist/tex/latex/grfext/grfext.sty
Package: grfext 2019/12/03 v1.3 Manage graphics extensions (HO)
(c:/Users/alumno/AppData/Roaming/TinyTeX/texmf-dist/tex/generic/kvdefinekeys/kvdefinekeys.sty
Package: kvdefinekeys 2019-12-19 v1.6 Define keys (HO)
)) (c:/Users/alumno/AppData/Roaming/TinyTeX/texmf-dist/tex/latex/kvoptions/kvoptions.sty
Package: kvoptions 2022-06-15 v3.15 Key value format for package options (HO)
(c:/Users/alumno/AppData/Roaming/TinyTeX/texmf-dist/tex/generic/ltxcmds/ltxcmds.sty
Package: ltxcmds 2020-05-10 v1.25 LaTeX kernel commands for general use (HO)
) (c:/Users/alumno/AppData/Roaming/TinyTeX/texmf-dist/tex/latex/kvsetkeys/kvsetkeys.sty
Package: kvsetkeys 2022-10-05 v1.19 Key value parser (HO)
)) (c:/Users/alumno/AppData/Roaming/TinyTeX/texmf-dist/tex/generic/pdftexcmds/pdftexcmds.sty
Package: pdftexcmds 2020-06-27 v0.33 Utility functions of pdfTeX for LuaTeX (HO)
(c:/Users/alumno/AppData/Roaming/TinyTeX/texmf-dist/tex/generic/iftex/iftex.sty
Package: iftex 2022/02/03 v1.0f TeX engine tests
)
Package pdftexcmds Info: \pdf@primitive is available.
Package pdftexcmds Info: \pdf@ifprimitive is available.
Package pdftexcmds Info: \pdfdraftmode found.
) (c:/Users/alumno/AppData/Roaming/TinyTeX/texmf-dist/tex/latex/epstopdf-pkg/epstopdf-base.sty
Package: epstopdf-base 2020-01-24 v2.11 Base part for package epstopdf
Package epstopdf-base Info: Redefining graphics rule for `.eps' on input line 485.
Package grfext Info: Graphics extension search list:
(grfext)             [.pdf,.png,.jpg,.mps,.jpeg,.jbig2,.jb2,.PDF,.PNG,.JPG,.JPEG,.JBIG2,.JB2,.eps]
(grfext)             \AppendGraphicsExtensions on input line 504.
(c:/Users/alumno/AppData/Roaming/TinyTeX/texmf-dist/tex/latex/latexconfig/epstopdf-sys.cfg
File: epstopdf-sys.cfg 2010/07/13 v1.3 Configuration of (r)epstopdf for TeX Live
))) (c:/Users/alumno/AppData/Roaming/TinyTeX/texmf-dist/tex/latex/lastpage/lastpage.sty
Package: lastpage 2023/10/14 v2.0e lastpage: 2.09 or 2e? (HMM)
(c:/Users/alumno/AppData/Roaming/TinyTeX/texmf-dist/tex/latex/lastpage/lastpage2e.sty
Package: lastpage2e 2023/10/14 v2.0e Decide which 2e lastpage version to use (HMM)
(c:/Users/alumno/AppData/Roaming/TinyTeX/texmf-dist/tex/latex/lastpage/lastpagemodern.sty
Package: lastpagemodern 2023-10-14 v2.0e Refers to last page's name (HMM; JPG)
\c@lastpagecount=\count196
) 
)) (c:/Users/alumno/AppData/Roaming/TinyTeX/texmf-dist/tex/latex/base/ifthen.sty
Package: ifthen 2022/04/13 v1.1d Standard LaTeX ifthen package (DPC)
) (c:/Users/alumno/AppData/Roaming/TinyTeX/texmf-dist/tex/latex/float/float.sty
Package: float 2001/11/08 v1.3d Float enhancements (AL)
\c@float@type=\count197
\float@exts=\toks20
\float@box=\box51
\@float@everytoks=\toks21
\@floatcapt=\box52
) (c:/Users/alumno/AppData/Roaming/TinyTeX/texmf-dist/tex/latex/amsmath/amsmath.sty
Package: amsmath 2023/05/13 v2.17o AMS math features
\@mathmargin=\skip62
For additional information on amsmath, use the `?' option.
(c:/Users/alumno/AppData/Roaming/TinyTeX/texmf-dist/tex/latex/amsmath/amstext.sty
Package: amstext 2021/08/26 v2.01 AMS text
(c:/Users/alumno/AppData/Roaming/TinyTeX/texmf-dist/tex/latex/amsmath/amsgen.sty
File: amsgen.sty 1999/11/30 v2.0 generic functions
\@emptytoks=\toks22
\ex@=\dimen145
)) (c:/Users/alumno/AppData/Roaming/TinyTeX/texmf-dist/tex/latex/amsmath/amsbsy.sty
Package: amsbsy 1999/11/29 v1.2d Bold Symbols
\pmbraise@=\dimen146
) (c:/Users/alumno/AppData/Roaming/TinyTeX/texmf-dist/tex/latex/amsmath/amsopn.sty
Package: amsopn 2022/04/08 v2.04 operator names
)
\inf@bad=\count198
LaTeX Info: Redefining \frac on input line 234.
\uproot@=\count199
\leftroot@=\count266
LaTeX Info: Redefining \overline on input line 399.
LaTeX Info: Redefining \colon on input line 410.
\classnum@=\count267
\DOTSCASE@=\count268
LaTeX Info: Redefining \ldots on input line 496.
LaTeX Info: Redefining \dots on input line 499.
LaTeX Info: Redefining \cdots on input line 620.
\Mathstrutbox@=\box53
\strutbox@=\box54
LaTeX Info: Redefining \big on input line 722.
LaTeX Info: Redefining \Big on input line 723.
LaTeX Info: Redefining \bigg on input line 724.
LaTeX Info: Redefining \Bigg on input line 725.
\big@size=\dimen147
LaTeX Font Info:    Redeclaring font encoding OML on input line 743.
LaTeX Font Info:    Redeclaring font encoding OMS on input line 744.
\macc@depth=\count269
LaTeX Info: Redefining \bmod on input line 905.
LaTeX Info: Redefining \pmod on input line 910.
LaTeX Info: Redefining \smash on input line 940.
LaTeX Info: Redefining \relbar on input line 970.
LaTeX Info: Redefining \Relbar on input line 971.
\c@MaxMatrixCols=\count270
\dotsspace@=\muskip16
\c@parentequation=\count271
\dspbrk@lvl=\count272
\tag@help=\toks23
\row@=\count273
\column@=\count274
\maxfields@=\count275
\andhelp@=\toks24
\eqnshift@=\dimen148
\alignsep@=\dimen149
\tagshift@=\dimen150
\tagwidth@=\dimen151
\totwidth@=\dimen152
\lineht@=\dimen153
\@envbody=\toks25
\multlinegap=\skip63
\multlinetaggap=\skip64
\mathdisplay@stack=\toks26
LaTeX Info: Redefining \[ on input line 2953.
LaTeX Info: Redefining \] on input line 2954.
) (c:/Users/alumno/AppData/Roaming/TinyTeX/texmf-dist/tex/latex/amsfonts/amssymb.sty
Package: amssymb 2013/01/14 v3.01 AMS font symbols
(c:/Users/alumno/AppData/Roaming/TinyTeX/texmf-dist/tex/latex/amsfonts/amsfonts.sty
Package: amsfonts 2013/01/14 v3.01 Basic AMSFonts support
\symAMSa=\mathgroup4
\symAMSb=\mathgroup5
LaTeX Font Info:    Redeclaring math symbol \hbar on input line 98.
LaTeX Font Info:    Overwriting math alphabet `\mathfrak' in version `bold'
(Font)                  U/euf/m/n --> U/euf/b/n on input line 106.
)) (c:/Users/alumno/AppData/Roaming/TinyTeX/texmf-dist/tex/latex/lineno/lineno.sty
Package: lineno 2023/05/20 line numbers on paragraphs v5.3
(c:/Users/alumno/AppData/Roaming/TinyTeX/texmf-dist/tex/latex/etoolbox/etoolbox.sty
Package: etoolbox 2020/10/05 v2.5k e-TeX tools for LaTeX (JAW)
\etb@tempcnta=\count276
)
\linenopenalty=\count277
\output=\toks27
\linenoprevgraf=\count278
\linenumbersep=\dimen154
\linenumberwidth=\dimen155
\c@linenumber=\count279
\c@pagewiselinenumber=\count280
\c@LN@truepage=\count281
\c@internallinenumber=\count282
\c@internallinenumbers=\count283
\quotelinenumbersep=\dimen156
\bframerule=\dimen157
\bframesep=\dimen158
\bframebox=\box55
\linenoamsmath@ams@eqpen=\count284
LaTeX Info: Redefining \\ on input line 3180.
) (c:/Users/alumno/AppData/Roaming/TinyTeX/texmf-dist/tex/latex/setspace/setspace.sty
Package: setspace 2022/12/04 v6.7b set line spacing
) (c:/Users/alumno/AppData/Roaming/TinyTeX/texmf-dist/tex/latex/enumitem/enumitem.sty
Package: enumitem 2019/06/20 v3.9 Customized lists
\labelindent=\skip65
\enit@outerparindent=\dimen159
\enit@toks=\toks28
\enit@inbox=\box56
\enit@count@id=\count285
\enitdp@description=\count286
) (c:/Users/alumno/AppData/Roaming/TinyTeX/texmf-dist/tex/latex/psnfss/mathpazo.sty
Package: mathpazo 2020/03/25 PSNFSS-v9.3 Palatino w/ Pazo Math (D.Puga, WaS) 
\symupright=\mathgroup6
) (c:/Users/alumno/AppData/Roaming/TinyTeX/texmf-dist/tex/latex/booktabs/booktabs.sty
Package: booktabs 2020/01/12 v1.61803398 Publication quality tables
\heavyrulewidth=\dimen160
\lightrulewidth=\dimen161
\cmidrulewidth=\dimen162
\belowrulesep=\dimen163
\belowbottomsep=\dimen164
\aboverulesep=\dimen165
\abovetopsep=\dimen166
\cmidrulesep=\dimen167
\cmidrulekern=\dimen168
\defaultaddspace=\dimen169
\@cmidla=\count287
\@cmidlb=\count288
\@aboverulesep=\dimen170
\@belowrulesep=\dimen171
\@thisruleclass=\count289
\@lastruleclass=\count290
\@thisrulewidth=\dimen172
) (c:/Users/alumno/AppData/Roaming/TinyTeX/texmf-dist/tex/latex/titlesec/titlesec.sty
Package: titlesec 2021/07/05 v2.14 Sectioning titles
\ttl@box=\box57
\beforetitleunit=\skip66
\aftertitleunit=\skip67
\ttl@plus=\dimen173
\ttl@minus=\dimen174
\ttl@toksa=\toks29
\titlewidth=\dimen175
\titlewidthlast=\dimen176
\titlewidthfirst=\dimen177
) (c:/Users/alumno/AppData/Roaming/TinyTeX/texmf-dist/tex/latex/tabto-ltx/tabto.sty
Package: tabto 2018/12/28  v 1.4  Another tabbing mechanism
\CurrentLineWidth=\dimen178
\TabPrevPos=\dimen179
) (c:/Users/alumno/AppData/Roaming/TinyTeX/texmf-dist/tex/latex/xcolor/xcolor.sty
Package: xcolor 2022/06/12 v2.14 LaTeX color extensions (UK)
(c:/Users/alumno/AppData/Roaming/TinyTeX/texmf-dist/tex/latex/graphics-cfg/color.cfg
File: color.cfg 2016/01/02 v1.6 sample color configuration
)
Package xcolor Info: Driver file: pdftex.def on input line 227.
(c:/Users/alumno/AppData/Roaming/TinyTeX/texmf-dist/tex/latex/graphics/mathcolor.ltx)
Package xcolor Info: Model `cmy' substituted by `cmy0' on input line 1353.
Package xcolor Info: Model `hsb' substituted by `rgb' on input line 1357.
Package xcolor Info: Model `RGB' extended on input line 1369.
Package xcolor Info: Model `HTML' substituted by `rgb' on input line 1371.
Package xcolor Info: Model `Hsb' substituted by `hsb' on input line 1372.
Package xcolor Info: Model `tHsb' substituted by `hsb' on input line 1373.
Package xcolor Info: Model `HSB' substituted by `hsb' on input line 1374.
Package xcolor Info: Model `Gray' substituted by `gray' on input line 1375.
Package xcolor Info: Model `wave' substituted by `hsb' on input line 1376.
) (c:/Users/alumno/AppData/Roaming/TinyTeX/texmf-dist/tex/latex/colortbl/colortbl.sty
Package: colortbl 2022/06/20 v1.0f Color table columns (DPC)
(c:/Users/alumno/AppData/Roaming/TinyTeX/texmf-dist/tex/latex/tools/array.sty
Package: array 2022/09/04 v2.5g Tabular extension package (FMi)
\col@sep=\dimen180
\ar@mcellbox=\box58
\extrarowheight=\dimen181
\NC@list=\toks30
\extratabsurround=\skip68
\backup@length=\skip69
\ar@cellbox=\box59
)
\everycr=\toks31
\minrowclearance=\skip70
\rownum=\count291
) (c:/Users/alumno/AppData/Roaming/TinyTeX/texmf-dist/tex/generic/soul/soul.sty
Package: soul 2023-06-14 v3.1 Permit use of UTF-8 characters in soul (HO)
(c:/Users/alumno/AppData/Roaming/TinyTeX/texmf-dist/tex/generic/soul/soul-ori.sty
Package: soul-ori 2023-06-14 v3.1 letterspacing/underlining (mf)
\SOUL@word=\toks32
\SOUL@lasttoken=\toks33
\SOUL@syllable=\toks34
\SOUL@cmds=\toks35
\SOUL@buffer=\toks36
\SOUL@token=\toks37
\SOUL@syllgoal=\dimen182
\SOUL@syllwidth=\dimen183
\SOUL@charkern=\dimen184
\SOUL@hyphkern=\dimen185
\SOUL@dimen=\dimen186
\SOUL@dimeni=\dimen187
\SOUL@minus=\count292
\SOUL@comma=\count293
\SOUL@apo=\count294
\SOUL@grave=\count295
\SOUL@spaceskip=\skip71
\SOUL@ttwidth=\dimen188
\SOUL@uldp=\dimen189
\SOUL@ulht=\dimen190
) (c:/Users/alumno/AppData/Roaming/TinyTeX/texmf-dist/tex/generic/etexcmds/etexcmds.sty
Package: etexcmds 2019/12/15 v1.7 Avoid name clashes with e-TeX commands (HO)
)) (c:/Users/alumno/AppData/Roaming/TinyTeX/texmf-dist/tex/latex/multirow/multirow.sty
Package: multirow 2021/03/15 v2.8 Span multiple rows of a table
\multirow@colwidth=\skip72
\multirow@cntb=\count296
\multirow@dima=\skip73
\bigstrutjot=\dimen191
) (c:/Users/alumno/AppData/Roaming/TinyTeX/texmf-dist/tex/latex/microtype/microtype.sty
Package: microtype 2023/03/13 v3.1a Micro-typographical refinements (RS)
\MT@toks=\toks38
\MT@tempbox=\box60
\MT@count=\count297
LaTeX Info: Redefining \noprotrusionifhmode on input line 1059.
LaTeX Info: Redefining \leftprotrusion on input line 1060.
\MT@prot@toks=\toks39
LaTeX Info: Redefining \rightprotrusion on input line 1078.
LaTeX Info: Redefining \textls on input line 1368.
\MT@outer@kern=\dimen192
LaTeX Info: Redefining \textmicrotypecontext on input line 1988.
\MT@listname@count=\count298
(c:/Users/alumno/AppData/Roaming/TinyTeX/texmf-dist/tex/latex/microtype/microtype-pdftex.def
File: microtype-pdftex.def 2023/03/13 v3.1a Definitions specific to pdftex (RS)
LaTeX Info: Redefining \lsstyle on input line 902.
LaTeX Info: Redefining \lslig on input line 902.
\MT@outer@space=\skip74
)
Package microtype Info: Loading configuration file microtype.cfg.
(c:/Users/alumno/AppData/Roaming/TinyTeX/texmf-dist/tex/latex/microtype/microtype.cfg
File: microtype.cfg 2023/03/13 v3.1a microtype main configuration file (RS)
)) (c:/Users/alumno/AppData/Roaming/TinyTeX/texmf-dist/tex/latex/pgf/frontendlayer/tikz.sty (c:/Users/alumno/AppData/Roaming/TinyTeX/texmf-dist/tex/latex/pgf/basiclayer/pgf.sty (c:/Users/alumno/AppData/Roaming/TinyTeX/texmf-dist/tex/latex/pgf/utilities/pgfrcs.sty (c:/Users/alumno/AppData/Roaming/TinyTeX/texmf-dist/tex/generic/pgf/utilities/pgfutil-common.tex
\pgfutil@everybye=\toks40
\pgfutil@tempdima=\dimen193
\pgfutil@tempdimb=\dimen194
) (c:/Users/alumno/AppData/Roaming/TinyTeX/texmf-dist/tex/generic/pgf/utilities/pgfutil-latex.def
\pgfutil@abb=\box61
) (c:/Users/alumno/AppData/Roaming/TinyTeX/texmf-dist/tex/generic/pgf/utilities/pgfrcs.code.tex (c:/Users/alumno/AppData/Roaming/TinyTeX/texmf-dist/tex/generic/pgf/pgf.revision.tex)
Package: pgfrcs 2023-01-15 v3.1.10 (3.1.10)
))
Package: pgf 2023-01-15 v3.1.10 (3.1.10)
(c:/Users/alumno/AppData/Roaming/TinyTeX/texmf-dist/tex/latex/pgf/basiclayer/pgfcore.sty (c:/Users/alumno/AppData/Roaming/TinyTeX/texmf-dist/tex/latex/pgf/systemlayer/pgfsys.sty (c:/Users/alumno/AppData/Roaming/TinyTeX/texmf-dist/tex/generic/pgf/systemlayer/pgfsys.code.tex
Package: pgfsys 2023-01-15 v3.1.10 (3.1.10)
(c:/Users/alumno/AppData/Roaming/TinyTeX/texmf-dist/tex/generic/pgf/utilities/pgfkeys.code.tex
\pgfkeys@pathtoks=\toks41
\pgfkeys@temptoks=\toks42
(c:/Users/alumno/AppData/Roaming/TinyTeX/texmf-dist/tex/generic/pgf/utilities/pgfkeyslibraryfiltered.code.tex
\pgfkeys@tmptoks=\toks43
))
\pgf@x=\dimen195
\pgf@y=\dimen196
\pgf@xa=\dimen197
\pgf@ya=\dimen198
\pgf@xb=\dimen199
\pgf@yb=\dimen256
\pgf@xc=\dimen257
\pgf@yc=\dimen258
\pgf@xd=\dimen259
\pgf@yd=\dimen260
\w@pgf@writea=\write3
\r@pgf@reada=\read2
\c@pgf@counta=\count299
\c@pgf@countb=\count300
\c@pgf@countc=\count301
\c@pgf@countd=\count302
\t@pgf@toka=\toks44
\t@pgf@tokb=\toks45
\t@pgf@tokc=\toks46
\pgf@sys@id@count=\count303
(c:/Users/alumno/AppData/Roaming/TinyTeX/texmf-dist/tex/generic/pgf/systemlayer/pgf.cfg
File: pgf.cfg 2023-01-15 v3.1.10 (3.1.10)
)
Driver file for pgf: pgfsys-pdftex.def
(c:/Users/alumno/AppData/Roaming/TinyTeX/texmf-dist/tex/generic/pgf/systemlayer/pgfsys-pdftex.def
File: pgfsys-pdftex.def 2023-01-15 v3.1.10 (3.1.10)
(c:/Users/alumno/AppData/Roaming/TinyTeX/texmf-dist/tex/generic/pgf/systemlayer/pgfsys-common-pdf.def
File: pgfsys-common-pdf.def 2023-01-15 v3.1.10 (3.1.10)
))) (c:/Users/alumno/AppData/Roaming/TinyTeX/texmf-dist/tex/generic/pgf/systemlayer/pgfsyssoftpath.code.tex
File: pgfsyssoftpath.code.tex 2023-01-15 v3.1.10 (3.1.10)
\pgfsyssoftpath@smallbuffer@items=\count304
\pgfsyssoftpath@bigbuffer@items=\count305
) (c:/Users/alumno/AppData/Roaming/TinyTeX/texmf-dist/tex/generic/pgf/systemlayer/pgfsysprotocol.code.tex
File: pgfsysprotocol.code.tex 2023-01-15 v3.1.10 (3.1.10)
)) (c:/Users/alumno/AppData/Roaming/TinyTeX/texmf-dist/tex/generic/pgf/basiclayer/pgfcore.code.tex
Package: pgfcore 2023-01-15 v3.1.10 (3.1.10)
(c:/Users/alumno/AppData/Roaming/TinyTeX/texmf-dist/tex/generic/pgf/math/pgfmath.code.tex (c:/Users/alumno/AppData/Roaming/TinyTeX/texmf-dist/tex/generic/pgf/math/pgfmathutil.code.tex) (c:/Users/alumno/AppData/Roaming/TinyTeX/texmf-dist/tex/generic/pgf/math/pgfmathparser.code.tex
\pgfmath@dimen=\dimen261
\pgfmath@count=\count306
\pgfmath@box=\box62
\pgfmath@toks=\toks47
\pgfmath@stack@operand=\toks48
\pgfmath@stack@operation=\toks49
) (c:/Users/alumno/AppData/Roaming/TinyTeX/texmf-dist/tex/generic/pgf/math/pgfmathfunctions.code.tex) (c:/Users/alumno/AppData/Roaming/TinyTeX/texmf-dist/tex/generic/pgf/math/pgfmathfunctions.basic.code.tex) (c:/Users/alumno/AppData/Roaming/TinyTeX/texmf-dist/tex/generic/pgf/math/pgfmathfunctions.trigonometric.code.tex) (c:/Users/alumno/AppData/Roaming/TinyTeX/texmf-dist/tex/generic/pgf/math/pgfmathfunctions.random.code.tex) (c:/Users/alumno/AppData/Roaming/TinyTeX/texmf-dist/tex/generic/pgf/math/pgfmathfunctions.comparison.code.tex) (c:/Users/alumno/AppData/Roaming/TinyTeX/texmf-dist/tex/generic/pgf/math/pgfmathfunctions.base.code.tex) (c:/Users/alumno/AppData/Roaming/TinyTeX/texmf-dist/tex/generic/pgf/math/pgfmathfunctions.round.code.tex) (c:/Users/alumno/AppData/Roaming/TinyTeX/texmf-dist/tex/generic/pgf/math/pgfmathfunctions.misc.code.tex) (c:/Users/alumno/AppData/Roaming/TinyTeX/texmf-dist/tex/generic/pgf/math/pgfmathfunctions.integerarithmetics.code.tex) (c:/Users/alumno/AppData/Roaming/TinyTeX/texmf-dist/tex/generic/pgf/math/pgfmathcalc.code.tex) (c:/Users/alumno/AppData/Roaming/TinyTeX/texmf-dist/tex/generic/pgf/math/pgfmathfloat.code.tex
\c@pgfmathroundto@lastzeros=\count307
)) (c:/Users/alumno/AppData/Roaming/TinyTeX/texmf-dist/tex/generic/pgf/math/pgfint.code.tex) (c:/Users/alumno/AppData/Roaming/TinyTeX/texmf-dist/tex/generic/pgf/basiclayer/pgfcorepoints.code.tex
File: pgfcorepoints.code.tex 2023-01-15 v3.1.10 (3.1.10)
\pgf@picminx=\dimen262
\pgf@picmaxx=\dimen263
\pgf@picminy=\dimen264
\pgf@picmaxy=\dimen265
\pgf@pathminx=\dimen266
\pgf@pathmaxx=\dimen267
\pgf@pathminy=\dimen268
\pgf@pathmaxy=\dimen269
\pgf@xx=\dimen270
\pgf@xy=\dimen271
\pgf@yx=\dimen272
\pgf@yy=\dimen273
\pgf@zx=\dimen274
\pgf@zy=\dimen275
) (c:/Users/alumno/AppData/Roaming/TinyTeX/texmf-dist/tex/generic/pgf/basiclayer/pgfcorepathconstruct.code.tex
File: pgfcorepathconstruct.code.tex 2023-01-15 v3.1.10 (3.1.10)
\pgf@path@lastx=\dimen276
\pgf@path@lasty=\dimen277
) (c:/Users/alumno/AppData/Roaming/TinyTeX/texmf-dist/tex/generic/pgf/basiclayer/pgfcorepathusage.code.tex
File: pgfcorepathusage.code.tex 2023-01-15 v3.1.10 (3.1.10)
\pgf@shorten@end@additional=\dimen278
\pgf@shorten@start@additional=\dimen279
) (c:/Users/alumno/AppData/Roaming/TinyTeX/texmf-dist/tex/generic/pgf/basiclayer/pgfcorescopes.code.tex
File: pgfcorescopes.code.tex 2023-01-15 v3.1.10 (3.1.10)
\pgfpic=\box63
\pgf@hbox=\box64
\pgf@layerbox@main=\box65
\pgf@picture@serial@count=\count308
) (c:/Users/alumno/AppData/Roaming/TinyTeX/texmf-dist/tex/generic/pgf/basiclayer/pgfcoregraphicstate.code.tex
File: pgfcoregraphicstate.code.tex 2023-01-15 v3.1.10 (3.1.10)
\pgflinewidth=\dimen280
) (c:/Users/alumno/AppData/Roaming/TinyTeX/texmf-dist/tex/generic/pgf/basiclayer/pgfcoretransformations.code.tex
File: pgfcoretransformations.code.tex 2023-01-15 v3.1.10 (3.1.10)
\pgf@pt@x=\dimen281
\pgf@pt@y=\dimen282
\pgf@pt@temp=\dimen283
) (c:/Users/alumno/AppData/Roaming/TinyTeX/texmf-dist/tex/generic/pgf/basiclayer/pgfcorequick.code.tex
File: pgfcorequick.code.tex 2023-01-15 v3.1.10 (3.1.10)
) (c:/Users/alumno/AppData/Roaming/TinyTeX/texmf-dist/tex/generic/pgf/basiclayer/pgfcoreobjects.code.tex
File: pgfcoreobjects.code.tex 2023-01-15 v3.1.10 (3.1.10)
) (c:/Users/alumno/AppData/Roaming/TinyTeX/texmf-dist/tex/generic/pgf/basiclayer/pgfcorepathprocessing.code.tex
File: pgfcorepathprocessing.code.tex 2023-01-15 v3.1.10 (3.1.10)
) (c:/Users/alumno/AppData/Roaming/TinyTeX/texmf-dist/tex/generic/pgf/basiclayer/pgfcorearrows.code.tex
File: pgfcorearrows.code.tex 2023-01-15 v3.1.10 (3.1.10)
\pgfarrowsep=\dimen284
) (c:/Users/alumno/AppData/Roaming/TinyTeX/texmf-dist/tex/generic/pgf/basiclayer/pgfcoreshade.code.tex
File: pgfcoreshade.code.tex 2023-01-15 v3.1.10 (3.1.10)
\pgf@max=\dimen285
\pgf@sys@shading@range@num=\count309
\pgf@shadingcount=\count310
) (c:/Users/alumno/AppData/Roaming/TinyTeX/texmf-dist/tex/generic/pgf/basiclayer/pgfcoreimage.code.tex
File: pgfcoreimage.code.tex 2023-01-15 v3.1.10 (3.1.10)
) (c:/Users/alumno/AppData/Roaming/TinyTeX/texmf-dist/tex/generic/pgf/basiclayer/pgfcoreexternal.code.tex
File: pgfcoreexternal.code.tex 2023-01-15 v3.1.10 (3.1.10)
\pgfexternal@startupbox=\box66
) (c:/Users/alumno/AppData/Roaming/TinyTeX/texmf-dist/tex/generic/pgf/basiclayer/pgfcorelayers.code.tex
File: pgfcorelayers.code.tex 2023-01-15 v3.1.10 (3.1.10)
) (c:/Users/alumno/AppData/Roaming/TinyTeX/texmf-dist/tex/generic/pgf/basiclayer/pgfcoretransparency.code.tex
File: pgfcoretransparency.code.tex 2023-01-15 v3.1.10 (3.1.10)
) (c:/Users/alumno/AppData/Roaming/TinyTeX/texmf-dist/tex/generic/pgf/basiclayer/pgfcorepatterns.code.tex
File: pgfcorepatterns.code.tex 2023-01-15 v3.1.10 (3.1.10)
) (c:/Users/alumno/AppData/Roaming/TinyTeX/texmf-dist/tex/generic/pgf/basiclayer/pgfcorerdf.code.tex
File: pgfcorerdf.code.tex 2023-01-15 v3.1.10 (3.1.10)
))) (c:/Users/alumno/AppData/Roaming/TinyTeX/texmf-dist/tex/generic/pgf/modules/pgfmoduleshapes.code.tex
File: pgfmoduleshapes.code.tex 2023-01-15 v3.1.10 (3.1.10)
\pgfnodeparttextbox=\box67
) (c:/Users/alumno/AppData/Roaming/TinyTeX/texmf-dist/tex/generic/pgf/modules/pgfmoduleplot.code.tex
File: pgfmoduleplot.code.tex 2023-01-15 v3.1.10 (3.1.10)
) (c:/Users/alumno/AppData/Roaming/TinyTeX/texmf-dist/tex/latex/pgf/compatibility/pgfcomp-version-0-65.sty
Package: pgfcomp-version-0-65 2023-01-15 v3.1.10 (3.1.10)
\pgf@nodesepstart=\dimen286
\pgf@nodesepend=\dimen287
) (c:/Users/alumno/AppData/Roaming/TinyTeX/texmf-dist/tex/latex/pgf/compatibility/pgfcomp-version-1-18.sty
Package: pgfcomp-version-1-18 2023-01-15 v3.1.10 (3.1.10)
)) (c:/Users/alumno/AppData/Roaming/TinyTeX/texmf-dist/tex/latex/pgf/utilities/pgffor.sty (c:/Users/alumno/AppData/Roaming/TinyTeX/texmf-dist/tex/latex/pgf/utilities/pgfkeys.sty (c:/Users/alumno/AppData/Roaming/TinyTeX/texmf-dist/tex/generic/pgf/utilities/pgfkeys.code.tex)) (c:/Users/alumno/AppData/Roaming/TinyTeX/texmf-dist/tex/latex/pgf/math/pgfmath.sty (c:/Users/alumno/AppData/Roaming/TinyTeX/texmf-dist/tex/generic/pgf/math/pgfmath.code.tex)) (c:/Users/alumno/AppData/Roaming/TinyTeX/texmf-dist/tex/generic/pgf/utilities/pgffor.code.tex
Package: pgffor 2023-01-15 v3.1.10 (3.1.10)
\pgffor@iter=\dimen288
\pgffor@skip=\dimen289
\pgffor@stack=\toks50
\pgffor@toks=\toks51
)) (c:/Users/alumno/AppData/Roaming/TinyTeX/texmf-dist/tex/generic/pgf/frontendlayer/tikz/tikz.code.tex
Package: tikz 2023-01-15 v3.1.10 (3.1.10)
(c:/Users/alumno/AppData/Roaming/TinyTeX/texmf-dist/tex/generic/pgf/libraries/pgflibraryplothandlers.code.tex
File: pgflibraryplothandlers.code.tex 2023-01-15 v3.1.10 (3.1.10)
\pgf@plot@mark@count=\count311
\pgfplotmarksize=\dimen290
)
\tikz@lastx=\dimen291
\tikz@lasty=\dimen292
\tikz@lastxsaved=\dimen293
\tikz@lastysaved=\dimen294
\tikz@lastmovetox=\dimen295
\tikz@lastmovetoy=\dimen296
\tikzleveldistance=\dimen297
\tikzsiblingdistance=\dimen298
\tikz@figbox=\box68
\tikz@figbox@bg=\box69
\tikz@tempbox=\box70
\tikz@tempbox@bg=\box71
\tikztreelevel=\count312
\tikznumberofchildren=\count313
\tikznumberofcurrentchild=\count314
\tikz@fig@count=\count315
(c:/Users/alumno/AppData/Roaming/TinyTeX/texmf-dist/tex/generic/pgf/modules/pgfmodulematrix.code.tex
File: pgfmodulematrix.code.tex 2023-01-15 v3.1.10 (3.1.10)
\pgfmatrixcurrentrow=\count316
\pgfmatrixcurrentcolumn=\count317
\pgf@matrix@numberofcolumns=\count318
)
\tikz@expandcount=\count319
(c:/Users/alumno/AppData/Roaming/TinyTeX/texmf-dist/tex/generic/pgf/frontendlayer/tikz/libraries/tikzlibrarytopaths.code.tex
File: tikzlibrarytopaths.code.tex 2023-01-15 v3.1.10 (3.1.10)
))) (c:/Users/alumno/AppData/Roaming/TinyTeX/texmf-dist/tex/latex/totcount/totcount.sty
Package: totcount 2011/01/25 v1.2 package for gettingthe total value of LaTeX counters
) (c:/Users/alumno/AppData/Roaming/TinyTeX/texmf-dist/tex/latex/changepage/changepage.sty
Package: changepage 2009/10/20 v1.0c check page and change page layout
\c@cp@cntr=\count320
\cp@tempcnt=\count321
) (c:/Users/alumno/AppData/Roaming/TinyTeX/texmf-dist/tex/latex/frankenstein/attrib.sty
Package: attrib 2001/08/31 v1.3 attribution of block elements (Frankenstein's hat)
(c:/Users/alumno/AppData/Roaming/TinyTeX/texmf-dist/tex/latex/frankenstein/moredefs.sty
Package: moredefs 2001/08/31 v1.8 more defining commands (Frankenstein's brain)
\sc@toks@a=\toks52
\sc@toks@b=\toks53
)
\AttribMinSkip=\skip75
) (c:/Users/alumno/AppData/Roaming/TinyTeX/texmf-dist/tex/latex/was/upgreek.sty
Package: upgreek 2003/02/12 v2.0 (WaS)
Package upgreek Info: Using Euler Roman for upright Greek on input line 31.
\symugrf@m=\mathgroup7
LaTeX Font Info:    Overwriting symbol font `ugrf@m' in version `bold'
(Font)                  U/eur/m/n --> U/eur/b/n on input line 38.
) (c:/Users/alumno/AppData/Roaming/TinyTeX/texmf-dist/tex/latex/tools/tabularx.sty
Package: tabularx 2020/01/15 v2.11c `tabularx' package (DPC)
\TX@col@width=\dimen299
\TX@old@table=\dimen300
\TX@old@col=\dimen301
\TX@target=\dimen302
\TX@delta=\dimen303
\TX@cols=\count322
\TX@ftn=\toks54
) (c:/Users/alumno/AppData/Roaming/TinyTeX/texmf-dist/tex/latex/pbox/pbox.sty
Package: pbox 2011/12/07 v1.2 Dynamic parboxes
\pb@xlen=\skip76
) (c:/Users/alumno/AppData/Roaming/TinyTeX/texmf-dist/tex/latex/ragged2e/ragged2e.sty
Package: ragged2e 2023/06/22 v3.6 ragged2e Package
\CenteringLeftskip=\skip77
\RaggedLeftLeftskip=\skip78
\RaggedRightLeftskip=\skip79
\CenteringRightskip=\skip80
\RaggedLeftRightskip=\skip81
\RaggedRightRightskip=\skip82
\CenteringParfillskip=\skip83
\RaggedLeftParfillskip=\skip84
\RaggedRightParfillskip=\skip85
\JustifyingParfillskip=\skip86
\CenteringParindent=\skip87
\RaggedLeftParindent=\skip88
\RaggedRightParindent=\skip89
\JustifyingParindent=\skip90
) (c:/Users/alumno/AppData/Roaming/TinyTeX/texmf-dist/tex/latex/tocloft/tocloft.sty
Package: tocloft 2017/08/31 v2.3i parameterised ToC, etc., typesetting
Package tocloft Info: The document has section divisions on input line 51.
\cftparskip=\skip91
\cftbeforetoctitleskip=\skip92
\cftaftertoctitleskip=\skip93
\cftbeforepartskip=\skip94
\cftpartnumwidth=\skip95
\cftpartindent=\skip96
\cftbeforesecskip=\skip97
\cftsecindent=\skip98
\cftsecnumwidth=\skip99
\cftbeforesubsecskip=\skip100
\cftsubsecindent=\skip101
\cftsubsecnumwidth=\skip102
\cftbeforesubsubsecskip=\skip103
\cftsubsubsecindent=\skip104
\cftsubsubsecnumwidth=\skip105
\cftbeforeparaskip=\skip106
\cftparaindent=\skip107
\cftparanumwidth=\skip108
\cftbeforesubparaskip=\skip109
\cftsubparaindent=\skip110
\cftsubparanumwidth=\skip111
\cftbeforeloftitleskip=\skip112
\cftafterloftitleskip=\skip113
\cftbeforefigskip=\skip114
\cftfigindent=\skip115
\cftfignumwidth=\skip116
\c@lofdepth=\count323
\c@lotdepth=\count324
\cftbeforelottitleskip=\skip117
\cftafterlottitleskip=\skip118
\cftbeforetabskip=\skip119
\cfttabindent=\skip120
\cfttabnumwidth=\skip121
) (c:/Users/alumno/AppData/Roaming/TinyTeX/texmf-dist/tex/latex/marginnote/marginnote.sty
Package: marginnote 2018/08/09 1.4b non floating margin notes for LaTeX
\c@mn@abspage=\count325
) (c:/Users/alumno/AppData/Roaming/TinyTeX/texmf-dist/tex/latex/marginfix/marginfix.sty
Package: marginfix 2020/05/06 v1.2 Fix Margin Paragraphs
\Mfx@inject@insert=\insert252
\Mfx@marginbox=\box72
\Mfx@marginpos@min=\dimen304
\Mfx@marginpos@max=\dimen305
\Mfx@marginspace=\dimen306
\Mfx@marginheight=\dimen307
\Mfx@piece@content=\box73
\Mfx@piece@count=\count326
\Mfx@mparshift=\dimen308
\marginheightadjustment=\dimen309
\marginposadjustment=\dimen310
\Mfx@strutheight=\dimen311
) (c:/Users/alumno/AppData/Roaming/TinyTeX/texmf-dist/tex/latex/enotez/enotez.sty (c:/Users/alumno/AppData/Roaming/TinyTeX/texmf-dist/tex/latex/l3kernel/expl3.sty
Package: expl3 2023-10-10 L3 programming layer (loader) 
(c:/Users/alumno/AppData/Roaming/TinyTeX/texmf-dist/tex/latex/l3backend/l3backend-pdftex.def
File: l3backend-pdftex.def 2023-10-10 L3 backend support: PDF output (pdfTeX)
\l__color_backend_stack_int=\count327
\l__pdf_internal_box=\box74
)) (c:/Users/alumno/AppData/Roaming/TinyTeX/texmf-dist/tex/latex/l3packages/xparse/xparse.sty
Package: xparse 2023-10-10 L3 Experimental document command parser
) (c:/Users/alumno/AppData/Roaming/TinyTeX/texmf-dist/tex/latex/l3packages/l3keys2e/l3keys2e.sty
Package: l3keys2e 2023-10-10 LaTeX2e option processing using LaTeX3 keys
) (c:/Users/alumno/AppData/Roaming/TinyTeX/texmf-dist/tex/latex/l3packages/xtemplate/xtemplate.sty
Package: xtemplate 2023-10-10 L3 Experimental prototype document functions
\l__xtemplate_tmp_dim=\dimen312
\l__xtemplate_tmp_int=\count328
\l__xtemplate_tmp_muskip=\muskip17
\l__xtemplate_tmp_skip=\skip122
)
Package: enotez 2022/01/04 v0.10d Endnotes for LaTeX2e
\l__enotez_list_preamble_skip=\skip123
\l__enotez_list_postamble_skip=\skip124
\g__enotez_endnote_id_int=\count329
\g__enotez_endnote_mark_int=\count330
\c@endnote=\count331
\g__enotez_list_printed_int=\count332
\l__enotez_tmpa_int=\count333

Package xtemplate Info: Declaring object type 'enotez-list' taking 1
(xtemplate)             argument(s) on line 473.

\l__enotez_list_notes_sep_dim=\dimen313
(c:/Users/alumno/AppData/Roaming/TinyTeX/texmf-dist/tex/latex/translations/translations.sty
Package: translations 2022/02/05 v1.12 internationalization of LaTeX2e packages (CN)
)) (./Definitions/journalnames.tex) (c:/Users/alumno/AppData/Roaming/TinyTeX/texmf-dist/tex/latex/amscls/amsthm.sty
Package: amsthm 2020/05/29 v2.20.6
\thm@style=\toks55
\thm@bodyfont=\toks56
\thm@headfont=\toks57
\thm@notefont=\toks58
\thm@headpunct=\toks59
\thm@preskip=\skip125
\thm@postskip=\skip126
\thm@headsep=\skip127
\dth@everypar=\toks60
)
\c@theorem=\count334
\c@lemma=\count335
\c@corollary=\count336
\c@proposition=\count337
\c@characterization=\count338
\c@property=\count339
\c@problem=\count340
\c@example=\count341
\c@examplesanddefinitions=\count342
\c@remark=\count343
\c@definition=\count344
\c@hypothesis=\count345
\c@notation=\count346
\c@assumption=\count347
\c@algorithm=\count348
(c:/Users/alumno/AppData/Roaming/TinyTeX/texmf-dist/tex/latex/natbib/natbib.sty
Package: natbib 2010/09/13 8.31b (PWD, AO)
\bibhang=\skip128
\bibsep=\skip129
LaTeX Info: Redefining \cite on input line 694.
\c@NAT@ctr=\count349
) (c:/Users/alumno/AppData/Roaming/TinyTeX/texmf-dist/tex/latex/koma-script/scrextend.sty
Package: scrextend 2023/07/07 v3.41 KOMA-Script package (extend other classes with features of KOMA-Script classes)
(c:/Users/alumno/AppData/Roaming/TinyTeX/texmf-dist/tex/latex/koma-script/scrkbase.sty
Package: scrkbase 2023/07/07 v3.41 KOMA-Script package (KOMA-Script-dependent basics and keyval usage)
(c:/Users/alumno/AppData/Roaming/TinyTeX/texmf-dist/tex/latex/koma-script/scrbase.sty
Package: scrbase 2023/07/07 v3.41 KOMA-Script package (KOMA-Script-independent basics and keyval usage)
(c:/Users/alumno/AppData/Roaming/TinyTeX/texmf-dist/tex/latex/koma-script/scrlfile.sty
Package: scrlfile 2023/07/07 v3.41 KOMA-Script package (file load hooks)
(c:/Users/alumno/AppData/Roaming/TinyTeX/texmf-dist/tex/latex/koma-script/scrlfile-hook.sty
Package: scrlfile-hook 2023/07/07 v3.41 KOMA-Script package (using LaTeX hooks)
(c:/Users/alumno/AppData/Roaming/TinyTeX/texmf-dist/tex/latex/koma-script/scrlogo.sty
Package: scrlogo 2023/07/07 v3.41 KOMA-Script package (logo)
)))
Applying: [2021/05/01] Usage of raw or classic option list on input line 252.
Already applied: [0000/00/00] Usage of raw or classic option list on input line 368.
))) (c:/Users/alumno/AppData/Roaming/TinyTeX/texmf-dist/tex/latex/url/url.sty
\Urlmuskip=\muskip18
Package: url 2013/09/16  ver 3.4  Verb mode for urls, etc.
)
\c@page@totc=\count350
\MyLen=\skip130
\MyBox=\box75
\leftcolumnlength=\skip131
\extralength=\skip132
\fulllength=\skip133
(c:/Users/alumno/AppData/Roaming/TinyTeX/texmf-dist/tex/latex/geometry/geometry.sty
Package: geometry 2020/01/02 v5.9 Page Geometry
(c:/Users/alumno/AppData/Roaming/TinyTeX/texmf-dist/tex/generic/iftex/ifvtex.sty
Package: ifvtex 2019/10/25 v1.7 ifvtex legacy package. Use iftex instead.
)
\Gm@cnth=\count351
\Gm@cntv=\count352
\c@Gm@tempcnt=\count353
\Gm@bindingoffset=\dimen314
\Gm@wd@mp=\dimen315
\Gm@odd@mp=\dimen316
\Gm@even@mp=\dimen317
\Gm@layoutwidth=\dimen318
\Gm@layoutheight=\dimen319
\Gm@layouthoffset=\dimen320
\Gm@layoutvoffset=\dimen321
\Gm@dimlist=\toks61
) (c:/Users/alumno/AppData/Roaming/TinyTeX/texmf-dist/tex/latex/newfloat/newfloat.sty
Package: newfloat 2023/10/01 v1.2 Defining new floating environments (AR)
)
Package newfloat Info: New float `listing' with options `' on input line 1360.
\c@listing=\count354
Package newfloat Info: float type `listing'=4 on input line 1360.
\c@lolistingdepth=\count355
Package newfloat Info: New float `boxenv' with options `name=Box' on input line 1361.
\c@boxenv=\count356
Package newfloat Info: float type `boxenv'=8 on input line 1361.
\c@loboxenvdepth=\count357
Package newfloat Info: New float `chart' with options `' on input line 1362.
\c@chart=\count358
Package newfloat Info: float type `chart'=16 on input line 1362.
\c@lochartdepth=\count359
Package newfloat Info: New float `scheme' with options `' on input line 1363.
\c@scheme=\count360
Package newfloat Info: float type `scheme'=32 on input line 1363.
\c@loschemedepth=\count361
Package newfloat Info: New float `figurewide' with options `' on input line 1364.
\c@figurewide=\count362
Package newfloat Info: float type `figurewide'=64 on input line 1364.
\c@lofigurewidedepth=\count363
(c:/Users/alumno/AppData/Roaming/TinyTeX/texmf-dist/tex/latex/caption/caption.sty
Package: caption 2023/08/05 v3.6o Customizing captions (AR)
(c:/Users/alumno/AppData/Roaming/TinyTeX/texmf-dist/tex/latex/caption/caption3.sty
Package: caption3 2023/07/31 v2.4d caption3 kernel (AR)
\caption@tempdima=\dimen322
\captionmargin=\dimen323
\caption@leftmargin=\dimen324
\caption@rightmargin=\dimen325
\caption@width=\dimen326
\caption@indent=\dimen327
\caption@parindent=\dimen328
\caption@hangindent=\dimen329
Package caption Info: Standard document class detected.
)
\c@caption@flags=\count364
\c@continuedfloat=\count365
Package caption Info: changepage package is loaded.
\caption@adjustwidth@hsize=\dimen330
\caption@adjustwidth@linewidth=\dimen331
Package caption Info: float package is loaded.
Package caption Info: scrextend package is loaded.
\caption@addmargin@hsize=\dimen332
\caption@addmargin@linewidth=\dimen333
)
\@justcentbox=\box76
(c:/Users/alumno/AppData/Roaming/TinyTeX/texmf-dist/tex/latex/seqsplit/seqsplit.sty
Package: seqsplit 2006/08/07 v0.1 Splitting long sequences (DNA, RNA, proteins, etc.) 
)
\cellWidtha=\skip134
\cellWidthb=\skip135
\cellWidthc=\skip136
\cellWidthd=\skip137
\cellWidthe=\skip138
\cellWidthf=\skip139
\cellWidthg=\skip140
\cellWidthh=\skip141
\cellWidthi=\skip142
\cellWidthj=\skip143
\cellWidthk=\skip144
\cellWidthl=\skip145
\cellWidthm=\skip146
\cellWidthn=\skip147
\cellWidtho=\skip148
\cellWidthp=\skip149
\cellWidthq=\skip150
\cellWidthr=\skip151
\cellWidths=\skip152
\cellWidtht=\skip153
\cellWidthu=\skip154
\cellWidthv=\skip155
\cellWidthw=\skip156
\cellWidthx=\skip157
\cellWidthy=\skip158
\cellWidthz=\skip159
\cellWidthA=\skip160
\cellWidthB=\skip161
\cellWidthC=\skip162
\cellWidthD=\skip163
\cellWidthE=\skip164
\cellWidthF=\skip165
\cellWidthG=\skip166
\cellWidthH=\skip167
\cellWidthI=\skip168
\cellWidthJ=\skip169
\cellWidthK=\skip170
\cellWidthL=\skip171
\cellWidthM=\skip172
\cellWidthN=\skip173
\cellWidthO=\skip174
\cellWidthP=\skip175
\cellWidthQ=\skip176
\cellWidthR=\skip177
\cellWidthS=\skip178
\cellWidthT=\skip179
\cellWidthU=\skip180
\cellWidthV=\skip181
\cellWidthW=\skip182
\cellWidthX=\skip183
\cellWidthY=\skip184
\cellWidthZ=\skip185
) (c:/Users/alumno/AppData/Roaming/TinyTeX/texmf-dist/tex/latex/fancyvrb/fancyvrb.sty
Package: fancyvrb 2023/01/19 4.5a verbatim text (tvz,hv)
\FV@CodeLineNo=\count366
\FV@InFile=\read3
\FV@TabBox=\box77
\c@FancyVerbLine=\count367
\FV@StepNumber=\count368
\FV@OutFile=\write4
) (c:/Users/alumno/AppData/Roaming/TinyTeX/texmf-dist/tex/latex/framed/framed.sty
Package: framed 2011/10/22 v 0.96: framed or shaded text with page breaks
\OuterFrameSep=\skip186
\fb@frw=\dimen334
\fb@frh=\dimen335
\FrameRule=\dimen336
\FrameSep=\dimen337
) (c:/Users/alumno/AppData/Roaming/TinyTeX/texmf-dist/tex/latex/tools/longtable.sty
Package: longtable 2021-09-01 v4.17 Multi-page Table package (DPC)
\LTleft=\skip187
\LTright=\skip188
\LTpre=\skip189
\LTpost=\skip190
\LTchunksize=\count369
\LTcapwidth=\dimen338
\LT@head=\box78
\LT@firsthead=\box79
\LT@foot=\box80
\LT@lastfoot=\box81
\LT@gbox=\box82
\LT@cols=\count370
\LT@rows=\count371
\c@LT@tables=\count372
\c@LT@chunks=\count373
\LT@p@ftn=\toks62
)
Package translations Info: No language package found. I am going to use `english' as default language. on input line 228.
(c:/Users/alumno/AppData/Roaming/TinyTeX/texmf-dist/tex/latex/hyperref/hyperref.sty
Package: hyperref 2023-07-08 v7.01b Hypertext links for LaTeX
(c:/Users/alumno/AppData/Roaming/TinyTeX/texmf-dist/tex/generic/pdfescape/pdfescape.sty
Package: pdfescape 2019/12/09 v1.15 Implements pdfTeX's escape features (HO)
) (c:/Users/alumno/AppData/Roaming/TinyTeX/texmf-dist/tex/latex/hycolor/hycolor.sty
Package: hycolor 2020-01-27 v1.10 Color options for hyperref/bookmark (HO)
) (c:/Users/alumno/AppData/Roaming/TinyTeX/texmf-dist/tex/latex/letltxmacro/letltxmacro.sty
Package: letltxmacro 2019/12/03 v1.6 Let assignment for LaTeX macros (HO)
) (c:/Users/alumno/AppData/Roaming/TinyTeX/texmf-dist/tex/latex/auxhook/auxhook.sty
Package: auxhook 2019-12-17 v1.6 Hooks for auxiliary files (HO)
) (c:/Users/alumno/AppData/Roaming/TinyTeX/texmf-dist/tex/latex/hyperref/nameref.sty
Package: nameref 2023-08-07 v2.53 Cross-referencing by name of section
(c:/Users/alumno/AppData/Roaming/TinyTeX/texmf-dist/tex/latex/refcount/refcount.sty
Package: refcount 2019/12/15 v3.6 Data extraction from label references (HO)
) (c:/Users/alumno/AppData/Roaming/TinyTeX/texmf-dist/tex/generic/gettitlestring/gettitlestring.sty
Package: gettitlestring 2019/12/15 v1.6 Cleanup title references (HO)
)
\c@section@level=\count374
)
\@linkdim=\dimen339
\Hy@linkcounter=\count375
\Hy@pagecounter=\count376
(c:/Users/alumno/AppData/Roaming/TinyTeX/texmf-dist/tex/latex/hyperref/pd1enc.def
File: pd1enc.def 2023-07-08 v7.01b Hyperref: PDFDocEncoding definition (HO)
Now handling font encoding PD1 ...
... no UTF-8 mapping file for font encoding PD1
) (c:/Users/alumno/AppData/Roaming/TinyTeX/texmf-dist/tex/generic/intcalc/intcalc.sty
Package: intcalc 2019/12/15 v1.3 Expandable calculations with integers (HO)
)
\Hy@SavedSpaceFactor=\count377
(c:/Users/alumno/AppData/Roaming/TinyTeX/texmf-dist/tex/latex/hyperref/puenc.def
File: puenc.def 2023-07-08 v7.01b Hyperref: PDF Unicode definition (HO)
Now handling font encoding PU ...
... no UTF-8 mapping file for font encoding PU
)
Package hyperref Info: Option `unicode' set `true' on input line 4050.
Package hyperref Info: Option `bookmarksopen' set `true' on input line 4050.
Package hyperref Info: Option `pdffitwindow' set `true' on input line 4050.
Package hyperref Info: Option `colorlinks' set `true' on input line 4050.
Package hyperref Info: Option `hyperfootnotes' set `true' on input line 4050.
Package hyperref Info: Hyper figures OFF on input line 4167.
Package hyperref Info: Link nesting OFF on input line 4172.
Package hyperref Info: Hyper index ON on input line 4175.
Package hyperref Info: Plain pages OFF on input line 4182.
Package hyperref Info: Backreferencing OFF on input line 4187.
Package hyperref Info: Implicit mode ON; LaTeX internals redefined.
Package hyperref Info: Bookmarks ON on input line 4434.
\c@Hy@tempcnt=\count378
LaTeX Info: Redefining \url on input line 4772.
\XeTeXLinkMargin=\dimen340
(c:/Users/alumno/AppData/Roaming/TinyTeX/texmf-dist/tex/generic/bitset/bitset.sty
Package: bitset 2019/12/09 v1.3 Handle bit-vector datatype (HO)
(c:/Users/alumno/AppData/Roaming/TinyTeX/texmf-dist/tex/generic/bigintcalc/bigintcalc.sty
Package: bigintcalc 2019/12/15 v1.5 Expandable calculations on big integers (HO)
))
\Fld@menulength=\count379
\Field@Width=\dimen341
\Fld@charsize=\dimen342
Package hyperref Info: Hyper figures OFF on input line 6051.
Package hyperref Info: Link nesting OFF on input line 6056.
Package hyperref Info: Hyper index ON on input line 6059.
Package hyperref Info: backreferencing OFF on input line 6066.
Package hyperref Info: Link coloring ON on input line 6069.
Package hyperref Info: Link coloring with OCG OFF on input line 6076.
Package hyperref Info: PDF/A mode OFF on input line 6081.
(c:/Users/alumno/AppData/Roaming/TinyTeX/texmf-dist/tex/latex/base/atbegshi-ltx.sty
Package: atbegshi-ltx 2021/01/10 v1.0c Emulation of the original atbegshi
package with kernel methods
)
\Hy@abspage=\count380
\c@Item=\count381
\c@Hfootnote=\count382
)
Package hyperref Info: Driver: hpdftex.
(c:/Users/alumno/AppData/Roaming/TinyTeX/texmf-dist/tex/latex/hyperref/hpdftex.def
File: hpdftex.def 2023-07-08 v7.01b Hyperref driver for pdfTeX
(c:/Users/alumno/AppData/Roaming/TinyTeX/texmf-dist/tex/latex/base/atveryend-ltx.sty
Package: atveryend-ltx 2020/08/19 v1.0a Emulation of the original atveryend package
with kernel methods
)
\Fld@listcount=\count383
\c@bookmark@seq@number=\count384
(c:/Users/alumno/AppData/Roaming/TinyTeX/texmf-dist/tex/latex/rerunfilecheck/rerunfilecheck.sty
Package: rerunfilecheck 2022-07-10 v1.10 Rerun checks for auxiliary files (HO)
(c:/Users/alumno/AppData/Roaming/TinyTeX/texmf-dist/tex/generic/uniquecounter/uniquecounter.sty
Package: uniquecounter 2019/12/15 v1.4 Provide unlimited unique counter (HO)
)
Package uniquecounter Info: New unique counter `rerunfilecheck' on input line 285.
)
\Hy@SectionHShift=\skip191
) (c:/Users/alumno/AppData/Roaming/TinyTeX/texmf-dist/tex/latex/cleveref/cleveref.sty
Package: cleveref 2018/03/27 v0.21.4 Intelligent cross-referencing
Package cleveref Info: `hyperref' support loaded on input line 2370.
LaTeX Info: Redefining \cref on input line 2370.
LaTeX Info: Redefining \Cref on input line 2370.
LaTeX Info: Redefining \crefrange on input line 2370.
LaTeX Info: Redefining \Crefrange on input line 2370.
LaTeX Info: Redefining \cpageref on input line 2370.
LaTeX Info: Redefining \Cpageref on input line 2370.
LaTeX Info: Redefining \cpagerefrange on input line 2370.
LaTeX Info: Redefining \Cpagerefrange on input line 2370.
LaTeX Info: Redefining \labelcref on input line 2370.
LaTeX Info: Redefining \labelcpageref on input line 2370.
Package cleveref Info: `amsthm' support loaded on input line 3026.
)
LaTeX Font Info:    Trying to load font information for T1+ppl on input line 228.
(c:/Users/alumno/AppData/Roaming/TinyTeX/texmf-dist/tex/latex/psnfss/t1ppl.fd
File: t1ppl.fd 2001/06/04 font definitions for T1/ppl.
) (./ProyectoAED2023_plantilla.aux)
\openout1 = `ProyectoAED2023_plantilla.aux'.

LaTeX Font Info:    Checking defaults for OML/cmm/m/it on input line 228.
LaTeX Font Info:    ... okay on input line 228.
LaTeX Font Info:    Checking defaults for OMS/cmsy/m/n on input line 228.
LaTeX Font Info:    ... okay on input line 228.
LaTeX Font Info:    Checking defaults for OT1/cmr/m/n on input line 228.
LaTeX Font Info:    ... okay on input line 228.
LaTeX Font Info:    Checking defaults for T1/cmr/m/n on input line 228.
LaTeX Font Info:    ... okay on input line 228.
LaTeX Font Info:    Checking defaults for TS1/cmr/m/n on input line 228.
LaTeX Font Info:    ... okay on input line 228.
LaTeX Font Info:    Checking defaults for OMX/cmex/m/n on input line 228.
LaTeX Font Info:    ... okay on input line 228.
LaTeX Font Info:    Checking defaults for U/cmr/m/n on input line 228.
LaTeX Font Info:    ... okay on input line 228.
LaTeX Font Info:    Checking defaults for PD1/pdf/m/n on input line 228.
LaTeX Font Info:    ... okay on input line 228.
LaTeX Font Info:    Checking defaults for PU/pdf/m/n on input line 228.
LaTeX Font Info:    ... okay on input line 228.
LaTeX Info: Redefining \microtypecontext on input line 228.
Package microtype Info: Applying patch `item' on input line 228.
Package microtype Info: Applying patch `toc' on input line 228.
Package microtype Info: Applying patch `eqnum' on input line 228.
Package microtype Info: Applying patch `footnote' on input line 228.
Package microtype Info: Applying patch `verbatim' on input line 228.
Package microtype Info: Generating PDF output.
Package microtype Info: Character protrusion enabled (level 2).
Package microtype Info: Using default protrusion set `alltext'.
Package microtype Info: Automatic font expansion enabled (level 2),
(microtype)             stretch: 20, shrink: 20, step: 1, non-selected.
Package microtype Info: Using default expansion set `alltext-nott'.
LaTeX Info: Redefining \showhyphens on input line 228.
Package microtype Info: No adjustment of tracking.
Package microtype Info: No adjustment of interword spacing.
Package microtype Info: No adjustment of character kerning.
(c:/Users/alumno/AppData/Roaming/TinyTeX/texmf-dist/tex/latex/microtype/mt-ppl.cfg
File: mt-ppl.cfg 2005/11/16 v1.6 microtype config. file: Palatino (RS)
) (c:/Users/alumno/AppData/Roaming/TinyTeX/texmf-dist/tex/latex/translations/translations-basic-dictionary-english.trsl
File: translations-basic-dictionary-english.trsl (english translation file `translations-basic-dictionary')
)
Package translations Info: loading dictionary `translations-basic-dictionary' for `english'. on input line 228.
*geometry* detected driver: pdftex
*geometry* verbose mode - [ preamble ] result:
* driver: pdftex
* paper: <default>
* layout: <same size as paper>
* layoutoffset:(h,v)=(0.0pt,0.0pt)
* modes: includehead includefoot 
* h-part:(L,W,R)=(167.01753pt, 394.35522pt, 36.13512pt)
* v-part:(T,H,B)=(51.21504pt, 772.49225pt, 21.33955pt)
* \paperwidth=597.50787pt
* \paperheight=845.04684pt
* \textwidth=394.35522pt
* \textheight=688.49225pt
* \oddsidemargin=94.74754pt
* \evensidemargin=94.74754pt
* \topmargin=-21.05495pt
* \headheight=12.0pt
* \headsep=24.0pt
* \topskip=10.0pt
* \footskip=48.0pt
* \marginparwidth=116.65646pt
* \marginparsep=14.51074pt
* \columnsep=10.0pt
* \skip\footins=17.07182pt
* \hoffset=0.0pt
* \voffset=0.0pt
* \mag=1000
* \@twocolumnfalse
* \@twosidefalse
* \@mparswitchfalse
* \@reversemargintrue
* (1in=72.27pt=25.4mm, 1cm=28.453pt)

Package newfloat Info: `float' package detected.
Package caption Info: Begin \AtBeginDocument code.
Package caption Info: hyperref package is loaded.
Package caption Info: longtable package is loaded.
(c:/Users/alumno/AppData/Roaming/TinyTeX/texmf-dist/tex/latex/caption/ltcaption.sty
Package: ltcaption 2021/01/08 v1.4c longtable captions (AR)
)
Package caption Info: End \AtBeginDocument code.
Package hyperref Info: Link coloring ON on input line 228.
(./ProyectoAED2023_plantilla.out) (./ProyectoAED2023_plantilla.out)
\@outlinefile=\write5
\openout5 = `ProyectoAED2023_plantilla.out'.

LaTeX Font Info:    Trying to load font information for TS1+ppl on input line 228.
(c:/Users/alumno/AppData/Roaming/TinyTeX/texmf-dist/tex/latex/psnfss/ts1ppl.fd
File: ts1ppl.fd 2001/06/04 font definitions for TS1/ppl.
)
Underfull \hbox (badness 3590) in paragraph at lines 228--228
\T1/ppl/m/n/7 (+20) Submitted to \T1/ppl/m/it/7 (+20) Jour-nal Not Spec-i-fied
 []


Underfull \hbox (badness 10000) in paragraph at lines 228--228
\T1/ppl/m/n/7 (+20) un-der the terms and con-di-tions
 []


Underfull \hbox (badness 10000) in paragraph at lines 228--228
\T1/ppl/m/n/7 (+20) of the Cre-ative Com-mons Attri-
 []


Underfull \hbox (badness 8019) in paragraph at lines 228--228
\T1/ppl/m/n/7 (+20) bu-tion (CC BY) li-cense ([][]https://[][]
 []


Underfull \hbox (badness 10000) in paragraph at lines 228--228
[][]\T1/ppl/m/n/7 (+20) creativecommons.org/licenses/by/[][]
 []

LaTeX Font Info:    Trying to load font information for OT1+ppl on input line 228.
(c:/Users/alumno/AppData/Roaming/TinyTeX/texmf-dist/tex/latex/psnfss/ot1ppl.fd
File: ot1ppl.fd 2001/06/04 font definitions for OT1/ppl.
)
LaTeX Font Info:    Trying to load font information for OML+zplm on input line 228.
(c:/Users/alumno/AppData/Roaming/TinyTeX/texmf-dist/tex/latex/psnfss/omlzplm.fd
File: omlzplm.fd 2002/09/08 Fontinst v1.914 font definitions for OML/zplm.
)
LaTeX Font Info:    Trying to load font information for OMS+zplm on input line 228.
(c:/Users/alumno/AppData/Roaming/TinyTeX/texmf-dist/tex/latex/psnfss/omszplm.fd
File: omszplm.fd 2002/09/08 Fontinst v1.914 font definitions for OMS/zplm.
)
LaTeX Font Info:    Trying to load font information for OMX+zplm on input line 228.
(c:/Users/alumno/AppData/Roaming/TinyTeX/texmf-dist/tex/latex/psnfss/omxzplm.fd
File: omxzplm.fd 2002/09/08 Fontinst v1.914 font definitions for OMX/zplm.
)
LaTeX Font Info:    Font shape `U/msa/m/n' will be
(Font)              scaled to size 10.42007pt on input line 228.
(c:/Users/alumno/AppData/Roaming/TinyTeX/texmf-dist/tex/latex/microtype/mt-msa.cfg
File: mt-msa.cfg 2006/02/04 v1.1 microtype config. file: AMS symbols (a) (RS)
)
LaTeX Font Info:    Font shape `U/msa/m/n' will be
(Font)              scaled to size 7.91925pt on input line 228.
LaTeX Font Info:    Font shape `U/msa/m/n' will be
(Font)              scaled to size 6.25204pt on input line 228.
LaTeX Font Info:    Font shape `U/msb/m/n' will be
(Font)              scaled to size 10.42007pt on input line 228.
(c:/Users/alumno/AppData/Roaming/TinyTeX/texmf-dist/tex/latex/microtype/mt-msb.cfg
File: mt-msb.cfg 2005/06/01 v1.0 microtype config. file: AMS symbols (b) (RS)
)
LaTeX Font Info:    Font shape `U/msb/m/n' will be
(Font)              scaled to size 7.91925pt on input line 228.
LaTeX Font Info:    Font shape `U/msb/m/n' will be
(Font)              scaled to size 6.25204pt on input line 228.
LaTeX Font Info:    Trying to load font information for OT1+zplm on input line 228.
(c:/Users/alumno/AppData/Roaming/TinyTeX/texmf-dist/tex/latex/psnfss/ot1zplm.fd
File: ot1zplm.fd 2002/09/08 Fontinst v1.914 font definitions for OT1/zplm.
)
Package microtype Info: Loading generic protrusion settings for font family
(microtype)             `zplm' (encoding: OT1).
(microtype)             For optimal results, create family-specific settings.
(microtype)             See the microtype manual for details.
(c:/Users/alumno/AppData/Roaming/TinyTeX/texmf-dist/tex/latex/microtype/mt-eur.cfg
File: mt-eur.cfg 2006/07/31 v1.1 microtype config. file: AMS Euler Roman (RS)
)
LaTeX Font Info:    Redeclaring symbol font `AMSb' on input line 228.
LaTeX Font Info:    Overwriting symbol font `AMSb' in version `normal'
(Font)                  U/msb/m/n --> U/msb/m/n on input line 228.
LaTeX Font Info:    Overwriting symbol font `AMSb' in version `bold'
(Font)                  U/msb/m/n --> U/msb/m/n on input line 228.
Package marginnote Info: Margin note 1.1 is on absolute page 1 on input line 228.
Package marginnote Info: right page because not two side mode on input line 228.

Underfull \hbox (badness 3590) in paragraph at lines 228--228
\T1/ppl/m/n/7 (+20) Submitted to \T1/ppl/m/it/7 (+20) Jour-nal Not Spec-i-fied
 []


Underfull \hbox (badness 10000) in paragraph at lines 228--228
\T1/ppl/m/n/7 (+20) un-der the terms and con-di-tions
 []


Underfull \hbox (badness 10000) in paragraph at lines 228--228
\T1/ppl/m/n/7 (+20) of the Cre-ative Com-mons Attri-
 []


Underfull \hbox (badness 8019) in paragraph at lines 228--228
\T1/ppl/m/n/7 (+20) bu-tion (CC BY) li-cense ([][]https://[][]
 []


Underfull \hbox (badness 10000) in paragraph at lines 228--228
[][]\T1/ppl/m/n/7 (+20) creativecommons.org/licenses/by/[][]
 []

Package marginnote Info: xpos seems to be 167.01753pt on input line 228.
Package epstopdf Info: Source file: <Definitions/logo-mdpi.eps>
(epstopdf)                    date: 2023-11-13 13:53:30
(epstopdf)                    size: 736802 bytes
(epstopdf)             Output file: <Definitions/logo-mdpi-eps-converted-to.pdf>
(epstopdf)                    date: 2023-11-13 13:56:53
(epstopdf)                    size: 43926 bytes
(epstopdf)             Command: <repstopdf --outfile=Definitions/logo-mdpi-eps-converted-to.pdf Definitions/logo-mdpi.eps>
(epstopdf)             \includegraphics on input line 228.
Package epstopdf Info: Output file is already uptodate.
<Definitions/logo-mdpi-eps-converted-to.pdf, id=74, 88.33pt x 58.2175pt>
File: Definitions/logo-mdpi-eps-converted-to.pdf Graphic file (type pdf)
<use Definitions/logo-mdpi-eps-converted-to.pdf>
Package pdftex.def Info: Definitions/logo-mdpi-eps-converted-to.pdf  used on input line 228.
(pdftex.def)             Requested size: 43.16885pt x 28.45274pt.
LaTeX Font Info:    Font shape `U/msa/m/n' will be
(Font)              scaled to size 8.33606pt on input line 228.
LaTeX Font Info:    Font shape `U/msa/m/n' will be
(Font)              scaled to size 5.21004pt on input line 228.
LaTeX Font Info:    Font shape `U/msb/m/n' will be
(Font)              scaled to size 8.33606pt on input line 228.
LaTeX Font Info:    Font shape `U/msb/m/n' will be
(Font)              scaled to size 5.21004pt on input line 228.
LaTeX Font Info:    Trying to load font information for T1+cmss on input line 228.
(c:/Users/alumno/AppData/Roaming/TinyTeX/texmf-dist/tex/latex/base/t1cmss.fd
File: t1cmss.fd 2023/04/13 v2.5m Standard LaTeX font definitions
)
Package microtype Info: Loading generic protrusion settings for font family
(microtype)             `cmss' (encoding: T1).
(microtype)             For optimal results, create family-specific settings.
(microtype)             See the microtype manual for details.

Package fancyhdr Warning: \headheight is too small (12.0pt): 
(fancyhdr)                Make it at least 20.0pt, for example:
(fancyhdr)                \setlength{\headheight}{20.0pt}.
(fancyhdr)                You might also make \topmargin smaller to compensate:
(fancyhdr)                \addtolength{\topmargin}{-8.0pt}.

[1

{c:/Users/alumno/AppData/Roaming/TinyTeX/texmf-var/fonts/map/pdftex/updmap/pdftex.map}{c:/Users/alumno/AppData/Roaming/TinyTeX/texmf-dist/fonts/enc/dvips/base/8r.enc} <./Definitions/logo-mdpi-eps-converted-to.pdf>]
LaTeX Font Info:    Trying to load font information for T1+cmtt on input line 302.
(c:/Users/alumno/AppData/Roaming/TinyTeX/texmf-dist/tex/latex/base/t1cmtt.fd
File: t1cmtt.fd 2023/04/13 v2.5m Standard LaTeX font definitions
)
Package microtype Info: Loading generic protrusion settings for font family
(microtype)             `cmtt' (encoding: T1).
(microtype)             For optimal results, create family-specific settings.
(microtype)             See the microtype manual for details.
LaTeX Font Info:    Font shape `T1/cmtt/bx/n' in size <10> not available
(Font)              Font shape `T1/cmtt/m/n' tried instead on input line 303.
LaTeX Font Info:    Trying to load font information for TS1+cmtt on input line 322.
(c:/Users/alumno/AppData/Roaming/TinyTeX/texmf-dist/tex/latex/base/ts1cmtt.fd
File: ts1cmtt.fd 2023/04/13 v2.5m Standard LaTeX font definitions
)
Package microtype Info: Loading generic protrusion settings for font family
(microtype)             `cmtt' (encoding: TS1).
(microtype)             For optimal results, create family-specific settings.
(microtype)             See the microtype manual for details.

Overfull \hbox (41.28839pt too wide) in paragraph at lines 351--351
[]\T1/cmtt/m/n/10 ##      Id Fecha      `Dia de la semana` `Dia del mes` Estacion     PM1 PM2.5  PM10[] 
 []


Overfull \hbox (41.28839pt too wide) in paragraph at lines 351--351
[]\T1/cmtt/m/n/10 ##   <dbl> <date>     <fct>              <fct>         <fct>      <dbl> <dbl> <dbl>[] 
 []


Overfull \hbox (30.79095pt too wide) in paragraph at lines 351--351
[]\T1/cmtt/m/n/10 ## 1     5 2004-03-01 Sabado             3             Pista Sil~    NA    NA  NA[] 
 []


Overfull \hbox (30.79095pt too wide) in paragraph at lines 351--351
[]\T1/cmtt/m/n/10 ## 2     7 2004-04-01 Domingo            4             Pista Sil~    NA    NA  NA[] 
 []


Overfull \hbox (41.28839pt too wide) in paragraph at lines 351--351
[]\T1/cmtt/m/n/10 ## 3     8 2004-04-01 Domingo            4             Viveros       NA    NA  27.8[] 
 []


Overfull \hbox (30.79095pt too wide) in paragraph at lines 351--351
[]\T1/cmtt/m/n/10 ## 4     9 2004-05-01 Lunes              5             Pista Sil~    NA    NA  NA[] 
 []


Overfull \hbox (41.28839pt too wide) in paragraph at lines 351--351
[]\T1/cmtt/m/n/10 ## 5    14 2004-07-01 Miercoles          7             Viveros       NA    NA  43.9[] 
 []


Overfull \hbox (41.28839pt too wide) in paragraph at lines 351--351
[]\T1/cmtt/m/n/10 ## 6    26 2004-01-13 Martes             13            Viveros       NA    NA  33.8[] 
 []


Overfull \hbox (15.0448pt too wide) in paragraph at lines 351--351
[]\T1/cmtt/m/n/10 ## # i 26 more variables: NO <dbl>, NO2 <dbl>, NOx <dbl>, O3 <dbl>, SO2 <dbl>,[] 
 []


Overfull \hbox (9.79608pt too wide) in paragraph at lines 351--351
[]\T1/cmtt/m/n/10 ## #   CO <dbl>, NH3 <dbl>, C7H8 <dbl>, C6H6 <dbl>, Ruido <dbl>, C8H10 <dbl>,[] 
 []


Package fancyhdr Warning: \headheight is too small (12.0pt): 
(fancyhdr)                Make it at least 16.18796pt, for example:
(fancyhdr)                \setlength{\headheight}{16.18796pt}.
(fancyhdr)                You might also make \topmargin smaller to compensate:
(fancyhdr)                \addtolength{\topmargin}{-4.18796pt}.

[2]

Package fancyhdr Warning: \headheight is too small (12.0pt): 
(fancyhdr)                Make it at least 16.18796pt, for example:
(fancyhdr)                \setlength{\headheight}{16.18796pt}.
(fancyhdr)                You might also make \topmargin smaller to compensate:
(fancyhdr)                \addtolength{\topmargin}{-4.18796pt}.

[3]
Overfull \hbox (20.29352pt too wide) in paragraph at lines 475--475
[]\T1/cmtt/m/n/10 ## 13 Levels: Pista Silla Viveros Politecnico Avda. Francia ... Puerto Valencia[] 
 []


Package fancyhdr Warning: \headheight is too small (12.0pt): 
(fancyhdr)                Make it at least 16.18796pt, for example:
(fancyhdr)                \setlength{\headheight}{16.18796pt}.
(fancyhdr)                You might also make \topmargin smaller to compensate:
(fancyhdr)                \addtolength{\topmargin}{-4.18796pt}.

[4]

Package fancyhdr Warning: \headheight is too small (12.0pt): 
(fancyhdr)                Make it at least 16.18796pt, for example:
(fancyhdr)                \setlength{\headheight}{16.18796pt}.
(fancyhdr)                You might also make \topmargin smaller to compensate:
(fancyhdr)                \addtolength{\topmargin}{-4.18796pt}.

[5]

Package fancyhdr Warning: \headheight is too small (12.0pt): 
(fancyhdr)                Make it at least 16.18796pt, for example:
(fancyhdr)                \setlength{\headheight}{16.18796pt}.
(fancyhdr)                You might also make \topmargin smaller to compensate:
(fancyhdr)                \addtolength{\topmargin}{-4.18796pt}.

[6]
<ProyectoAED2023_plantilla_files/figure-latex/unnamed-chunk-11-1.pdf, id=120, 469.755pt x 325.215pt>
File: ProyectoAED2023_plantilla_files/figure-latex/unnamed-chunk-11-1.pdf Graphic file (type pdf)
<use ProyectoAED2023_plantilla_files/figure-latex/unnamed-chunk-11-1.pdf>
Package pdftex.def Info: ProyectoAED2023_plantilla_files/figure-latex/unnamed-chunk-11-1.pdf  used on input line 686.
(pdftex.def)             Requested size: 469.75386pt x 325.2142pt.

Overfull \hbox (96.73819pt too wide) in paragraph at lines 686--687
[][] 
 []


Package fancyhdr Warning: \headheight is too small (12.0pt): 
(fancyhdr)                Make it at least 16.18796pt, for example:
(fancyhdr)                \setlength{\headheight}{16.18796pt}.
(fancyhdr)                You might also make \topmargin smaller to compensate:
(fancyhdr)                \addtolength{\topmargin}{-4.18796pt}.

[7 <./ProyectoAED2023_plantilla_files/figure-latex/unnamed-chunk-11-1.pdf>]
<ProyectoAED2023_plantilla_files/figure-latex/unnamed-chunk-12-1.pdf, id=131, 469.755pt x 325.215pt>
File: ProyectoAED2023_plantilla_files/figure-latex/unnamed-chunk-12-1.pdf Graphic file (type pdf)
<use ProyectoAED2023_plantilla_files/figure-latex/unnamed-chunk-12-1.pdf>
Package pdftex.def Info: ProyectoAED2023_plantilla_files/figure-latex/unnamed-chunk-12-1.pdf  used on input line 720.
(pdftex.def)             Requested size: 469.75386pt x 325.2142pt.

Overfull \hbox (96.73819pt too wide) in paragraph at lines 720--721
[][] 
 []


Package fancyhdr Warning: \headheight is too small (12.0pt): 
(fancyhdr)                Make it at least 16.18796pt, for example:
(fancyhdr)                \setlength{\headheight}{16.18796pt}.
(fancyhdr)                You might also make \topmargin smaller to compensate:
(fancyhdr)                \addtolength{\topmargin}{-4.18796pt}.

[8 <./ProyectoAED2023_plantilla_files/figure-latex/unnamed-chunk-12-1.pdf>]

Package fancyhdr Warning: \headheight is too small (12.0pt): 
(fancyhdr)                Make it at least 16.18796pt, for example:
(fancyhdr)                \setlength{\headheight}{16.18796pt}.
(fancyhdr)                You might also make \topmargin smaller to compensate:
(fancyhdr)                \addtolength{\topmargin}{-4.18796pt}.

[9]
Overfull \hbox (9.79608pt too wide) in paragraph at lines 837--837
[]\T1/cmtt/m/n/10 ##        Velocidad_del_viento Direccion_del_viento Humidad_relativa  Presion[] 
 []


Overfull \hbox (9.79608pt too wide) in paragraph at lines 837--837
[]\T1/cmtt/m/n/10 ## min                    0.10                 0.00            14.00   968.00[] 
 []


Overfull \hbox (9.79608pt too wide) in paragraph at lines 837--837
[]\T1/cmtt/m/n/10 ## Q1.25%                 1.00                67.00            55.00  1002.00[] 
 []


Overfull \hbox (9.79608pt too wide) in paragraph at lines 837--837
[]\T1/cmtt/m/n/10 ## median                 1.60               220.00            67.00  1007.00[] 
 []


Overfull \hbox (9.79608pt too wide) in paragraph at lines 837--837
[]\T1/cmtt/m/n/10 ## mean                   2.01               179.31            65.81  1007.73[] 
 []


Overfull \hbox (9.79608pt too wide) in paragraph at lines 837--837
[]\T1/cmtt/m/n/10 ## dt                     1.56               110.28            14.51     8.56[] 
 []


Overfull \hbox (9.79608pt too wide) in paragraph at lines 837--837
[]\T1/cmtt/m/n/10 ## Q3.75%                 2.40               274.00            76.00  1014.00[] 
 []


Overfull \hbox (9.79608pt too wide) in paragraph at lines 837--837
[]\T1/cmtt/m/n/10 ## max                   15.20               360.00           100.00  1042.00[] 
 []


Overfull \hbox (9.79608pt too wide) in paragraph at lines 837--837
[]\T1/cmtt/m/n/10 ## n                  16261.00             16226.00         12652.00 13037.00[] 
 []


Overfull \hbox (9.79608pt too wide) in paragraph at lines 837--837
[]\T1/cmtt/m/n/10 ## IQR                    1.40               207.00            21.00    12.00[] 
 []

<ProyectoAED2023_plantilla_files/figure-latex/unnamed-chunk-14-1.pdf, id=146, 469.755pt x 325.215pt>
File: ProyectoAED2023_plantilla_files/figure-latex/unnamed-chunk-14-1.pdf Graphic file (type pdf)
<use ProyectoAED2023_plantilla_files/figure-latex/unnamed-chunk-14-1.pdf>
Package pdftex.def Info: ProyectoAED2023_plantilla_files/figure-latex/unnamed-chunk-14-1.pdf  used on input line 881.
(pdftex.def)             Requested size: 469.75386pt x 325.2142pt.

Overfull \hbox (96.73819pt too wide) in paragraph at lines 881--882
[][] 
 []


Package fancyhdr Warning: \headheight is too small (12.0pt): 
(fancyhdr)                Make it at least 16.18796pt, for example:
(fancyhdr)                \setlength{\headheight}{16.18796pt}.
(fancyhdr)                You might also make \topmargin smaller to compensate:
(fancyhdr)                \addtolength{\topmargin}{-4.18796pt}.

[10]
<ProyectoAED2023_plantilla_files/figure-latex/unnamed-chunk-15-1.pdf, id=152, 469.755pt x 325.215pt>
File: ProyectoAED2023_plantilla_files/figure-latex/unnamed-chunk-15-1.pdf Graphic file (type pdf)
<use ProyectoAED2023_plantilla_files/figure-latex/unnamed-chunk-15-1.pdf>
Package pdftex.def Info: ProyectoAED2023_plantilla_files/figure-latex/unnamed-chunk-15-1.pdf  used on input line 896.
(pdftex.def)             Requested size: 469.75386pt x 325.2142pt.

Overfull \hbox (96.73819pt too wide) in paragraph at lines 896--897
[][] 
 []


Package fancyhdr Warning: \headheight is too small (12.0pt): 
(fancyhdr)                Make it at least 16.18796pt, for example:
(fancyhdr)                \setlength{\headheight}{16.18796pt}.
(fancyhdr)                You might also make \topmargin smaller to compensate:
(fancyhdr)                \addtolength{\topmargin}{-4.18796pt}.

[11 <./ProyectoAED2023_plantilla_files/figure-latex/unnamed-chunk-14-1.pdf>]

Package fancyhdr Warning: \headheight is too small (12.0pt): 
(fancyhdr)                Make it at least 16.18796pt, for example:
(fancyhdr)                \setlength{\headheight}{16.18796pt}.
(fancyhdr)                You might also make \topmargin smaller to compensate:
(fancyhdr)                \addtolength{\topmargin}{-4.18796pt}.

[12 <./ProyectoAED2023_plantilla_files/figure-latex/unnamed-chunk-15-1.pdf>]

Package fancyhdr Warning: \headheight is too small (12.0pt): 
(fancyhdr)                Make it at least 16.18796pt, for example:
(fancyhdr)                \setlength{\headheight}{16.18796pt}.
(fancyhdr)                You might also make \topmargin smaller to compensate:
(fancyhdr)                \addtolength{\topmargin}{-4.18796pt}.

[13]
<ProyectoAED2023_plantilla_files/figure-latex/unnamed-chunk-17-1.pdf, id=184, 469.755pt x 325.215pt>
File: ProyectoAED2023_plantilla_files/figure-latex/unnamed-chunk-17-1.pdf Graphic file (type pdf)
<use ProyectoAED2023_plantilla_files/figure-latex/unnamed-chunk-17-1.pdf>
Package pdftex.def Info: ProyectoAED2023_plantilla_files/figure-latex/unnamed-chunk-17-1.pdf  used on input line 1001.
(pdftex.def)             Requested size: 469.75386pt x 325.2142pt.

Overfull \hbox (96.73819pt too wide) in paragraph at lines 1001--1002
[][] 
 []


Package fancyhdr Warning: \headheight is too small (12.0pt): 
(fancyhdr)                Make it at least 16.18796pt, for example:
(fancyhdr)                \setlength{\headheight}{16.18796pt}.
(fancyhdr)                You might also make \topmargin smaller to compensate:
(fancyhdr)                \addtolength{\topmargin}{-4.18796pt}.

[14 <./ProyectoAED2023_plantilla_files/figure-latex/unnamed-chunk-17-1.pdf>]
<ProyectoAED2023_plantilla_files/figure-latex/unnamed-chunk-19-1.pdf, id=195, 469.755pt x 325.215pt>
File: ProyectoAED2023_plantilla_files/figure-latex/unnamed-chunk-19-1.pdf Graphic file (type pdf)
<use ProyectoAED2023_plantilla_files/figure-latex/unnamed-chunk-19-1.pdf>
Package pdftex.def Info: ProyectoAED2023_plantilla_files/figure-latex/unnamed-chunk-19-1.pdf  used on input line 1059.
(pdftex.def)             Requested size: 469.75386pt x 325.2142pt.

Overfull \hbox (96.73819pt too wide) in paragraph at lines 1059--1060
[][] 
 []

<ProyectoAED2023_plantilla_files/figure-latex/unnamed-chunk-20-1.pdf, id=196, 469.755pt x 325.215pt>
File: ProyectoAED2023_plantilla_files/figure-latex/unnamed-chunk-20-1.pdf Graphic file (type pdf)
<use ProyectoAED2023_plantilla_files/figure-latex/unnamed-chunk-20-1.pdf>
Package pdftex.def Info: ProyectoAED2023_plantilla_files/figure-latex/unnamed-chunk-20-1.pdf  used on input line 1076.
(pdftex.def)             Requested size: 469.75386pt x 325.2142pt.

Overfull \hbox (96.73819pt too wide) in paragraph at lines 1076--1077
[][] 
 []


Package fancyhdr Warning: \headheight is too small (12.0pt): 
(fancyhdr)                Make it at least 16.18796pt, for example:
(fancyhdr)                \setlength{\headheight}{16.18796pt}.
(fancyhdr)                You might also make \topmargin smaller to compensate:
(fancyhdr)                \addtolength{\topmargin}{-4.18796pt}.

[15 <./ProyectoAED2023_plantilla_files/figure-latex/unnamed-chunk-19-1.pdf>]
<ProyectoAED2023_plantilla_files/figure-latex/unnamed-chunk-21-1.pdf, id=206, 469.755pt x 325.215pt>
File: ProyectoAED2023_plantilla_files/figure-latex/unnamed-chunk-21-1.pdf Graphic file (type pdf)
<use ProyectoAED2023_plantilla_files/figure-latex/unnamed-chunk-21-1.pdf>
Package pdftex.def Info: ProyectoAED2023_plantilla_files/figure-latex/unnamed-chunk-21-1.pdf  used on input line 1103.
(pdftex.def)             Requested size: 469.75386pt x 325.2142pt.

Overfull \hbox (96.73819pt too wide) in paragraph at lines 1103--1104
[][] 
 []


Package fancyhdr Warning: \headheight is too small (12.0pt): 
(fancyhdr)                Make it at least 16.18796pt, for example:
(fancyhdr)                \setlength{\headheight}{16.18796pt}.
(fancyhdr)                You might also make \topmargin smaller to compensate:
(fancyhdr)                \addtolength{\topmargin}{-4.18796pt}.

[16 <./ProyectoAED2023_plantilla_files/figure-latex/unnamed-chunk-20-1.pdf>]
<ProyectoAED2023_plantilla_files/figure-latex/unnamed-chunk-22-1.pdf, id=216, 469.755pt x 325.215pt>
File: ProyectoAED2023_plantilla_files/figure-latex/unnamed-chunk-22-1.pdf Graphic file (type pdf)
<use ProyectoAED2023_plantilla_files/figure-latex/unnamed-chunk-22-1.pdf>
Package pdftex.def Info: ProyectoAED2023_plantilla_files/figure-latex/unnamed-chunk-22-1.pdf  used on input line 1125.
(pdftex.def)             Requested size: 469.75386pt x 325.2142pt.

Overfull \hbox (96.73819pt too wide) in paragraph at lines 1125--1126
[][] 
 []


Package fancyhdr Warning: \headheight is too small (12.0pt): 
(fancyhdr)                Make it at least 16.18796pt, for example:
(fancyhdr)                \setlength{\headheight}{16.18796pt}.
(fancyhdr)                You might also make \topmargin smaller to compensate:
(fancyhdr)                \addtolength{\topmargin}{-4.18796pt}.

[17 <./ProyectoAED2023_plantilla_files/figure-latex/unnamed-chunk-21-1.pdf>]
Underfull \vbox (badness 6808) detected at line 1164
 []


Package fancyhdr Warning: \headheight is too small (12.0pt): 
(fancyhdr)                Make it at least 16.18796pt, for example:
(fancyhdr)                \setlength{\headheight}{16.18796pt}.
(fancyhdr)                You might also make \topmargin smaller to compensate:
(fancyhdr)                \addtolength{\topmargin}{-4.18796pt}.

[18 <./ProyectoAED2023_plantilla_files/figure-latex/unnamed-chunk-22-1.pdf>]

Package fancyhdr Warning: \headheight is too small (12.0pt): 
(fancyhdr)                Make it at least 16.18796pt, for example:
(fancyhdr)                \setlength{\headheight}{16.18796pt}.
(fancyhdr)                You might also make \topmargin smaller to compensate:
(fancyhdr)                \addtolength{\topmargin}{-4.18796pt}.

[19]
Overfull \hbox (828.59613pt too wide) in paragraph at lines 1303--1303
[]\T1/cmtt/m/n/10 ## [1] "La distancia de mahalanobis detecta como outliers 1937 datos con una confianza del 95%. Con estos datos, lo que haremos no es cambiarlos por NA (pues miramos sobre instancias enteras), sino que directamente las eliminaremos."[] 
 []


Package fancyhdr Warning: \headheight is too small (12.0pt): 
(fancyhdr)                Make it at least 16.18796pt, for example:
(fancyhdr)                \setlength{\headheight}{16.18796pt}.
(fancyhdr)                You might also make \topmargin smaller to compensate:
(fancyhdr)                \addtolength{\topmargin}{-4.18796pt}.

[20]
<ProyectoAED2023_plantilla_files/figure-latex/unnamed-chunk-27-1.pdf, id=249, 469.755pt x 325.215pt>
File: ProyectoAED2023_plantilla_files/figure-latex/unnamed-chunk-27-1.pdf Graphic file (type pdf)
<use ProyectoAED2023_plantilla_files/figure-latex/unnamed-chunk-27-1.pdf>
Package pdftex.def Info: ProyectoAED2023_plantilla_files/figure-latex/unnamed-chunk-27-1.pdf  used on input line 1368.
(pdftex.def)             Requested size: 469.75386pt x 325.2142pt.

Overfull \hbox (96.73819pt too wide) in paragraph at lines 1368--1369
[][] 
 []


Package fancyhdr Warning: \headheight is too small (12.0pt): 
(fancyhdr)                Make it at least 16.18796pt, for example:
(fancyhdr)                \setlength{\headheight}{16.18796pt}.
(fancyhdr)                You might also make \topmargin smaller to compensate:
(fancyhdr)                \addtolength{\topmargin}{-4.18796pt}.

[21]
<ProyectoAED2023_plantilla_files/figure-latex/unnamed-chunk-27-2.pdf, id=254, 469.755pt x 325.215pt>
File: ProyectoAED2023_plantilla_files/figure-latex/unnamed-chunk-27-2.pdf Graphic file (type pdf)
<use ProyectoAED2023_plantilla_files/figure-latex/unnamed-chunk-27-2.pdf>
Package pdftex.def Info: ProyectoAED2023_plantilla_files/figure-latex/unnamed-chunk-27-2.pdf  used on input line 1382.
(pdftex.def)             Requested size: 469.75386pt x 325.2142pt.

Overfull \hbox (96.73819pt too wide) in paragraph at lines 1382--1383
[][] 
 []


Package fancyhdr Warning: \headheight is too small (12.0pt): 
(fancyhdr)                Make it at least 16.18796pt, for example:
(fancyhdr)                \setlength{\headheight}{16.18796pt}.
(fancyhdr)                You might also make \topmargin smaller to compensate:
(fancyhdr)                \addtolength{\topmargin}{-4.18796pt}.

[22 <./ProyectoAED2023_plantilla_files/figure-latex/unnamed-chunk-27-1.pdf>]

Package fancyhdr Warning: \headheight is too small (12.0pt): 
(fancyhdr)                Make it at least 16.18796pt, for example:
(fancyhdr)                \setlength{\headheight}{16.18796pt}.
(fancyhdr)                You might also make \topmargin smaller to compensate:
(fancyhdr)                \addtolength{\topmargin}{-4.18796pt}.

[23 <./ProyectoAED2023_plantilla_files/figure-latex/unnamed-chunk-27-2.pdf>]
<ProyectoAED2023_plantilla_files/figure-latex/unnamed-chunk-28-1.pdf, id=274, 469.755pt x 325.215pt>
File: ProyectoAED2023_plantilla_files/figure-latex/unnamed-chunk-28-1.pdf Graphic file (type pdf)
<use ProyectoAED2023_plantilla_files/figure-latex/unnamed-chunk-28-1.pdf>
Package pdftex.def Info: ProyectoAED2023_plantilla_files/figure-latex/unnamed-chunk-28-1.pdf  used on input line 1443.
(pdftex.def)             Requested size: 469.75386pt x 325.2142pt.

Overfull \hbox (96.73819pt too wide) in paragraph at lines 1443--1444
[][] 
 []


Package fancyhdr Warning: \headheight is too small (12.0pt): 
(fancyhdr)                Make it at least 16.18796pt, for example:
(fancyhdr)                \setlength{\headheight}{16.18796pt}.
(fancyhdr)                You might also make \topmargin smaller to compensate:
(fancyhdr)                \addtolength{\topmargin}{-4.18796pt}.

[24 <./ProyectoAED2023_plantilla_files/figure-latex/unnamed-chunk-28-1.pdf>]
<ProyectoAED2023_plantilla_files/figure-latex/unnamed-chunk-29-1.pdf, id=285, 469.755pt x 325.215pt>
File: ProyectoAED2023_plantilla_files/figure-latex/unnamed-chunk-29-1.pdf Graphic file (type pdf)
<use ProyectoAED2023_plantilla_files/figure-latex/unnamed-chunk-29-1.pdf>
Package pdftex.def Info: ProyectoAED2023_plantilla_files/figure-latex/unnamed-chunk-29-1.pdf  used on input line 1470.
(pdftex.def)             Requested size: 469.75386pt x 325.2142pt.

Overfull \hbox (96.73819pt too wide) in paragraph at lines 1470--1471
[][] 
 []


Overfull \hbox (36.03967pt too wide) in paragraph at lines 1494--1494
[]\T1/cmtt/m/n/10 ## `summarise()` has grouped output by 'Ano'. You can override using the `.groups`[] 
 []


Package fancyhdr Warning: \headheight is too small (12.0pt): 
(fancyhdr)                Make it at least 16.18796pt, for example:
(fancyhdr)                \setlength{\headheight}{16.18796pt}.
(fancyhdr)                You might also make \topmargin smaller to compensate:
(fancyhdr)                \addtolength{\topmargin}{-4.18796pt}.

[25 <./ProyectoAED2023_plantilla_files/figure-latex/unnamed-chunk-29-1.pdf>]
<ProyectoAED2023_plantilla_files/figure-latex/unnamed-chunk-30-1.pdf, id=296, 469.755pt x 325.215pt>
File: ProyectoAED2023_plantilla_files/figure-latex/unnamed-chunk-30-1.pdf Graphic file (type pdf)
<use ProyectoAED2023_plantilla_files/figure-latex/unnamed-chunk-30-1.pdf>
Package pdftex.def Info: ProyectoAED2023_plantilla_files/figure-latex/unnamed-chunk-30-1.pdf  used on input line 1505.
(pdftex.def)             Requested size: 469.75386pt x 325.2142pt.

Overfull \hbox (96.73819pt too wide) in paragraph at lines 1505--1506
[][] 
 []

<ProyectoAED2023_plantilla_files/figure-latex/unnamed-chunk-31-1.pdf, id=297, 469.755pt x 325.215pt>
File: ProyectoAED2023_plantilla_files/figure-latex/unnamed-chunk-31-1.pdf Graphic file (type pdf)
<use ProyectoAED2023_plantilla_files/figure-latex/unnamed-chunk-31-1.pdf>
Package pdftex.def Info: ProyectoAED2023_plantilla_files/figure-latex/unnamed-chunk-31-1.pdf  used on input line 1547.
(pdftex.def)             Requested size: 469.75386pt x 325.2142pt.

Overfull \hbox (96.73819pt too wide) in paragraph at lines 1547--1548
[][] 
 []


Package fancyhdr Warning: \headheight is too small (12.0pt): 
(fancyhdr)                Make it at least 16.18796pt, for example:
(fancyhdr)                \setlength{\headheight}{16.18796pt}.
(fancyhdr)                You might also make \topmargin smaller to compensate:
(fancyhdr)                \addtolength{\topmargin}{-4.18796pt}.

[26 <./ProyectoAED2023_plantilla_files/figure-latex/unnamed-chunk-30-1.pdf>]
Overfull \hbox (36.03967pt too wide) in paragraph at lines 1576--1576
[]\T1/cmtt/m/n/10 ## `summarise()` has grouped output by 'Ano'. You can override using the `.groups`[] 
 []

<ProyectoAED2023_plantilla_files/figure-latex/unnamed-chunk-32-1.pdf, id=309, 469.755pt x 325.215pt>
File: ProyectoAED2023_plantilla_files/figure-latex/unnamed-chunk-32-1.pdf Graphic file (type pdf)
<use ProyectoAED2023_plantilla_files/figure-latex/unnamed-chunk-32-1.pdf>
Package pdftex.def Info: ProyectoAED2023_plantilla_files/figure-latex/unnamed-chunk-32-1.pdf  used on input line 1587.
(pdftex.def)             Requested size: 469.75386pt x 325.2142pt.

Overfull \hbox (96.73819pt too wide) in paragraph at lines 1587--1588
[][] 
 []


Package fancyhdr Warning: \headheight is too small (12.0pt): 
(fancyhdr)                Make it at least 16.18796pt, for example:
(fancyhdr)                \setlength{\headheight}{16.18796pt}.
(fancyhdr)                You might also make \topmargin smaller to compensate:
(fancyhdr)                \addtolength{\topmargin}{-4.18796pt}.

[27 <./ProyectoAED2023_plantilla_files/figure-latex/unnamed-chunk-31-1.pdf>]
Underfull \hbox (badness 10000) in paragraph at lines 1622--1622

 []

LaTeX Font Info:    Font shape `U/msa/m/n' will be
(Font)              scaled to size 9.37807pt on input line 1622.
LaTeX Font Info:    Font shape `U/msa/m/n' will be
(Font)              scaled to size 7.29405pt on input line 1622.
LaTeX Font Info:    Font shape `U/msb/m/n' will be
(Font)              scaled to size 9.37807pt on input line 1622.
LaTeX Font Info:    Font shape `U/msb/m/n' will be
(Font)              scaled to size 7.29405pt on input line 1622.

Package fancyhdr Warning: \headheight is too small (12.0pt): 
(fancyhdr)                Make it at least 16.18796pt, for example:
(fancyhdr)                \setlength{\headheight}{16.18796pt}.
(fancyhdr)                You might also make \topmargin smaller to compensate:
(fancyhdr)                \addtolength{\topmargin}{-4.18796pt}.

[28 <./ProyectoAED2023_plantilla_files/figure-latex/unnamed-chunk-32-1.pdf>] 
enddocument/afterlastpage: lastpage setting LastPage.
(./ProyectoAED2023_plantilla.aux)
 ***********
LaTeX2e <2023-06-01> patch level 1
L3 programming layer <2023-10-10>
 ***********
Package rerunfilecheck Info: File `ProyectoAED2023_plantilla.out' has not changed.
(rerunfilecheck)             Checksum: D3EC925BEEC46C953883489CB10C1D3C;3826.
 ) 
Here is how much of TeX's memory you used:
 33874 strings out of 476463
 649848 string characters out of 5800251
 1951043 words of memory out of 5000000
 54601 multiletter control sequences out of 15000+600000
 620352 words of font info for 337 fonts, out of 8000000 for 9000
 14 hyphenation exceptions out of 8191
 123i,12n,121p,1022b,726s stack positions out of 10000i,1000n,20000p,200000b,200000s
 <c:/Users/alumno/AppData/Roaming/TinyTeX/texmf-var/fonts/pk/ljfour/jknappen/ec/tcit1000.600pk> <c:/Users/alumno/AppData/Roaming/TinyTeX/texmf-var/fonts/pk/ljfour/jknappen/ec/tctt1000.600pk> <c:/Users/alumno/AppData/Roaming/TinyTeX/texmf-var/fonts/pk/ljfour/jknappen/ec/ecit1000.600pk> <c:/Users/alumno/AppData/Roaming/TinyTeX/texmf-var/fonts/pk/ljfour/jknappen/ec/ectt1000.600pk> <c:/Users/alumno/AppData/Roaming/TinyTeX/texmf-var/fonts/pk/ljfour/jknappen/ec/ecss0800.375pk><c:/Users/alumno/AppData/Roaming/TinyTeX/texmf-dist/fonts/type1/public/mathpazo/fplmri.pfb><c:/Users/alumno/AppData/Roaming/TinyTeX/texmf-dist/fonts/type1/urw/palatino/uplb8a.pfb><c:/Users/alumno/AppData/Roaming/TinyTeX/texmf-dist/fonts/type1/urw/palatino/uplr8a.pfb><c:/Users/alumno/AppData/Roaming/TinyTeX/texmf-dist/fonts/type1/urw/palatino/uplri8a.pfb>
Output written on ProyectoAED2023_plantilla.pdf (28 pages, 1653109 bytes).
PDF statistics:
 541 PDF objects out of 1000 (max. 8388607)
 297 compressed objects within 3 object streams
 59 named destinations out of 1000 (max. 500000)
 93402 words of extra memory for PDF output out of 106986 (max. 10000000)

